IQ-TREE multicore version 1.6.12 for Linux 64-bit built Mar 23 2020
Developed by Bui Quang Minh, Nguyen Lam Tung, Olga Chernomor,
Heiko Schmidt, Dominik Schrempf, Michael Woodhams.

Host:    a-state-phylogenetics (AVX2, FMA3, 15 GB RAM)
Command: iqtree -s cob_cat.fasta.mafftaligned.fasta -m MFP -bb 1000
Seed:    265707 (Using SPRNG - Scalable Parallel Random Number Generator)
Time:    Mon Nov 15 14:41:30 2021
Kernel:  AVX+FMA - 1 threads (6 CPU cores detected)

HINT: Use -nt option to specify number of threads because your CPU has 6 cores!
HINT: -nt AUTO will automatically determine the best number of threads to use.

Reading alignment file cob_cat.fasta.mafftaligned.fasta ... Fasta format detected
Alignment most likely contains DNA/RNA sequences
Alignment has 32 sequences with 1059 columns, 439 distinct patterns
397 parsimony-informative, 76 singleton sites, 586 constant sites
                                    Gap/Ambiguity  Composition  p-value
   1  BBWA_971_A_CCTATACC-GCTCTGTA          0.28%    passed     57.04%
   2  CONW_930_R_ATCGTCTC-GTCCTTCT          0.28%    passed     53.27%
   3  OVEN_614_P_CTTCCTTC-ACCTGGAA          0.28%    passed     64.49%
   4  CMWA_952_R_CTAAGACC-CTGTTAGG          0.28%    passed     76.92%
   5  NOPA_676_R_AACCGAAC-CGAGTATG          0.28%    passed     37.62%
   6  PRAW_770_P_AAGTCCTC-TGGTAGCT          0.28%    passed     78.81%
   7  PIWA_948_R_ATAACGCC-TTGGTGAG          0.28%    passed     56.92%
   8  CAWA_366_A_CCGGAATA-CCTACTGA_dd       0.28%    passed     26.18%
   9  YEWA_941_P_Pr_CTATCCAC-TGTGCGTT       0.00%    passed     59.74%
  10  NOWA_315_A_CGTCCATT-AGGAGGAA          0.28%    passed     54.60%
  11  BLBW_861_R_AACGCCTT-TTCTCTCG          0.28%    passed     45.94%
  12  YEWA_941_P_Tr_ACGCTTCT-GACTTAGG       0.00%    failed      3.61%
  13  COYE_868_R_CCAACACT-AGTTCGTC          0.28%    passed     67.03%
  14  AMRE_967_R_ACGGACTT-TCTCCGAT          0.28%    passed     50.68%
  15  CSWA_939_R_TCCATTGC-TCCTACCT          0.28%    passed     41.85%
  16  BTNW_492_R_AAGGACCA-GTGTTCCT          0.28%    passed     47.49%
  17  MOWA_611_R_HC7TNCCX2_subsampled_dd    0.28%    passed     45.66%
  18  YTWA_970_R_GAACCTTC-GTACCTTG          0.28%    passed     41.02%
  19  LOWA_438_A_AACTTGCC-GAAGTTGG          1.98%    passed     60.29%
  20  SWWA_980_R_TACATCGG-TGATCGGA          0.28%    passed     78.10%
  21  PROW_974_R_CGCTACAT-CGTAGGTT          0.28%    passed     25.98%
  22  CERW_358_A_TCTTCGAC-GAGCAGTA          0.28%    passed     60.03%
  23  BTNW_765_P_CCAAGTAG-TCACGTTC          0.28%    passed     30.78%
  24  BWWA_412_R_GTACACCT-TTGGTCTC          0.28%    passed     40.66%
  25  BTBW_850_R_AGGTTCCT-AGGTTCGA          0.28%    passed     49.97%
  26  WEWA_727_R_ACCATCCT-GTTCATGG          0.28%    passed     67.76%
  27  MAWA_362_A_CCTTAGGT-TTGAGGCA          0.28%    passed     38.76%
  28  BAWW_968_P_CGACCTAA-CAGGTTAG          0.28%    passed     84.27%
  29  GWWA_928_R_ACGAGAAC-CGAACTGT          0.28%    passed     41.85%
  30  NAWA_328_A_CCACAACA-CTTGGATG          0.28%    passed     67.05%
  31  KEWA_584_R_TCTAGGAG-CGTTGCAA          0.28%    passed     64.49%
  32  Proctophyllodes_miliariae             0.00%    failed      0.65%
****  TOTAL                                 0.31%  2 sequences failed composition chi2 test (p-value<5%; df=3)
NOTE: KEWA_584_R_TCTAGGAG-CGTTGCAA is identical to OVEN_614_P_CTTCCTTC-ACCTGGAA but kept for subsequent analysis
NOTE: GWWA_928_R_ACGAGAAC-CGAACTGT is identical to CSWA_939_R_TCCATTGC-TCCTACCT but kept for subsequent analysis


Create initial parsimony tree by phylogenetic likelihood library (PLL)... 0.004 seconds
NOTE: ModelFinder requires 6 MB RAM!
ModelFinder will test 286 DNA models (sample size: 1059) ...
 No. Model         -LnL         df  AIC          AICc         BIC
  1  JC            8832.820     61  17787.641    17795.228    18090.511
  2  JC+I          8177.685     62  16479.369    16487.213    16787.204
  3  JC+G4         8161.831     62  16447.661    16455.504    16755.496
  4  JC+I+G4       8148.456     63  16422.912    16431.017    16735.712
  5  JC+R2         8218.595     63  16563.189    16571.294    16875.989
  6  JC+R3         8166.359     65  16462.718    16471.359    16785.448
  7  JC+R4         8147.531     67  16429.062    16438.257    16761.722
  8  JC+R5         8146.499     69  16430.999    16440.766    16773.589
 14  F81+F         8734.801     64  17597.603    17605.973    17915.368
 15  F81+F+I       8049.446     65  16228.893    16237.533    16551.623
 16  F81+F+G4      8030.951     65  16191.903    16200.543    16514.633
 17  F81+F+I+G4    8016.820     66  16165.641    16174.556    16493.336
 18  F81+F+R2      8073.281     66  16278.561    16287.477    16606.257
 19  F81+F+R3      8033.786     68  16203.572    16213.051    16541.197
 20  F81+F+R4      8013.496     70  16166.993    16177.053    16514.548
 21  F81+F+R5      8013.328     72  16170.656    16181.318    16528.142
 27  K2P           8345.025     62  16814.051    16821.894    17121.886
 28  K2P+I         7634.823     63  15395.646    15403.751    15708.447
 29  K2P+G4        7586.642     63  15299.283    15307.388    15612.083
 30  K2P+I+G4      7566.359     64  15260.719    15269.089    15578.484
 31  K2P+R2        7634.383     64  15396.767    15405.137    15714.532
 32  K2P+R3        7601.862     66  15335.723    15344.639    15663.419
 33  K2P+R4        7567.256     68  15270.511    15279.990    15608.137
 34  K2P+R5        7567.253     70  15274.506    15284.567    15622.061
 40  HKY+F         8192.617     65  16515.234    16523.875    16837.964
 41  HKY+F+I       7405.787     66  14943.574    14952.489    15271.269
 42  HKY+F+G4      7361.889     66  14855.778    14864.694    15183.474
 43  HKY+F+I+G4    7327.174     67  14788.349    14797.544    15121.009
 44  HKY+F+R2      7419.952     67  14973.904    14983.099    15306.564
 45  HKY+F+R3      7390.353     69  14918.706    14928.474    15261.297
 46  HKY+F+R4      7345.297     71  14832.594    14842.953    15185.115
 47  HKY+F+R5      7345.294     73  14836.588    14847.557    15199.039
 53  TNe           8270.300     63  16666.600    16674.705    16979.400
 54  TNe+I         7551.819     64  15231.637    15240.007    15549.402
 55  TNe+G4        7538.666     64  15205.332    15213.702    15523.097
 56  TNe+I+G4      7493.720     65  15117.440    15126.081    15440.170
 57  TNe+R2        7561.499     65  15252.997    15261.638    15575.728
 58  TNe+R3        7544.672     67  15223.343    15232.538    15556.004
 59  TNe+R4        7503.091     69  15144.182    15153.949    15486.772
 60  TNe+R5        7503.090     71  15148.179    15158.538    15500.700
 66  TN+F          8172.638     66  16477.277    16486.192    16804.972
 67  TN+F+I        7400.852     67  14935.703    14944.898    15268.364
 68  TN+F+G4       7361.229     67  14856.458    14865.653    15189.119
 69  TN+F+I+G4     7321.812     68  14779.624    14789.103    15117.250
 70  TN+F+R2       7398.337     68  14932.675    14942.154    15270.300
 71  TN+F+R3       7389.167     70  14918.334    14928.395    15265.890
 72  TN+F+R4       7342.152     72  14828.305    14838.966    15185.790
 73  TN+F+R5       7342.150     74  14832.300    14843.581    15199.716
 79  K3P           8338.169     63  16802.339    16810.443    17115.139
 80  K3P+I         7627.642     64  15383.284    15391.655    15701.050
 81  K3P+G4        7578.457     64  15284.914    15293.284    15602.679
 82  K3P+I+G4      7559.354     65  15248.707    15257.348    15571.438
 83  K3P+R2        7589.217     65  15308.435    15317.075    15631.165
 84  K3P+R3        7587.201     67  15308.401    15317.596    15641.062
 92  K3Pu+F        8191.753     66  16515.506    16524.421    16843.201
 93  K3Pu+F+I      7405.101     67  14944.203    14953.397    15276.863
 94  K3Pu+F+G4     7360.251     67  14854.502    14863.696    15187.162
 95  K3Pu+F+I+G4   7326.245     68  14788.490    14797.969    15126.116
 96  K3Pu+F+R2     7383.369     68  14902.737    14912.216    15240.362
 97  K3Pu+F+R3     7378.334     70  14896.667    14906.728    15244.223
105  TPM2+F        8163.831     66  16459.662    16468.578    16787.358
106  TPM2+F+I      7401.768     67  14937.535    14946.730    15270.196
107  TPM2+F+G4     7359.799     67  14853.599    14862.793    15186.259
108  TPM2+F+I+G4   7325.862     68  14787.725    14797.203    15125.350
109  TPM2+F+R2     7376.904     68  14889.807    14899.286    15227.433
110  TPM2+F+R3     7372.936     70  14885.873    14895.934    15233.429
118  TPM2u+F       8163.837     66  16459.674    16468.589    16787.369
119  TPM2u+F+I     7401.773     67  14937.546    14946.741    15270.207
120  TPM2u+F+G4    7359.803     67  14853.606    14862.801    15186.266
121  TPM2u+F+I+G4  7325.867     68  14787.734    14797.212    15125.359
122  TPM2u+F+R2    7373.141     68  14882.282    14891.760    15219.907
123  TPM2u+F+R3    7370.008     70  14880.016    14890.076    15227.571
131  TPM3+F        8191.683     66  16515.365    16524.280    16843.060
132  TPM3+F+I      7405.671     67  14945.342    14954.537    15278.002
133  TPM3+F+G4     7361.825     67  14857.649    14866.844    15190.310
134  TPM3+F+I+G4   7327.167     68  14790.334    14799.813    15127.959
135  TPM3+F+R2     7373.373     68  14882.746    14892.224    15220.371
136  TPM3+F+R3     7370.677     70  14881.353    14891.414    15228.909
144  TPM3u+F       8191.687     66  16515.375    16524.290    16843.070
145  TPM3u+F+I     7405.675     67  14945.350    14954.545    15278.010
146  TPM3u+F+G4    7361.829     67  14857.658    14866.853    15190.318
147  TPM3u+F+I+G4  7327.170     68  14790.341    14799.820    15127.966
148  TPM3u+F+R2    7370.627     68  14877.255    14886.734    15214.880
149  TPM3u+F+R3    7368.656     70  14877.312    14887.372    15224.867
157  TIMe          8263.197     64  16654.394    16662.764    16972.159
158  TIMe+I        7544.117     65  15218.234    15226.874    15540.964
159  TIMe+G4       7529.945     65  15189.890    15198.530    15512.620
160  TIMe+I+G4     7486.377     66  15104.755    15113.670    15432.450
161  TIMe+R2       7519.963     66  15171.926    15180.842    15499.622
162  TIMe+R3       7518.535     68  15173.071    15182.550    15510.696
170  TIM+F         8171.690     67  16477.381    16486.575    16810.041
171  TIM+F+I       7399.983     68  14935.966    14945.445    15273.592
172  TIM+F+G4      7359.638     68  14855.275    14864.754    15192.901
173  TIM+F+I+G4    7320.898     69  14779.796    14789.564    15122.387
174  TIM+F+R2      7364.230     69  14866.461    14876.228    15209.051
175  TIM+F+R3      7362.857     71  14867.713    14878.072    15220.234
183  TIM2e         8193.865     64  16515.729    16524.100    16833.495
184  TIM2e+I       7503.731     65  15137.462    15146.102    15460.192
185  TIM2e+G4      7489.114     65  15108.227    15116.868    15430.958
186  TIM2e+I+G4    7449.390     66  15030.780    15039.696    15358.476
187  TIM2e+R2      7476.582     66  15085.164    15094.079    15412.859
188  TIM2e+R3      7475.740     68  15087.480    15096.959    15425.106
196  TIM2+F        8144.272     67  16422.544    16431.739    16755.204
197  TIM2+F+I      7396.069     68  14928.138    14937.617    15265.764
198  TIM2+F+G4     7358.947     68  14853.895    14863.373    15191.520
199  TIM2+F+I+G4   7319.847     69  14777.694    14787.462    15120.285
200  TIM2+F+R2     7361.034     69  14860.067    14869.835    15202.658
201  TIM2+F+R3     7359.990     71  14861.981    14872.339    15214.501
209  TIM3e         8269.929     64  16667.858    16676.228    16985.623
210  TIM3e+I       7549.944     65  15229.889    15238.529    15552.619
211  TIM3e+G4      7537.197     65  15204.394    15213.034    15527.124
212  TIM3e+I+G4    7492.464     66  15116.929    15125.844    15444.624
213  TIM3e+R2      7522.943     66  15177.885    15186.801    15505.581
214  TIM3e+R3      7521.885     68  15179.770    15189.249    15517.396
222  TIM3+F        8171.724     67  16477.448    16486.643    16810.108
223  TIM3+F+I      7400.700     68  14937.400    14946.878    15275.025
224  TIM3+F+G4     7361.125     68  14858.251    14867.730    15195.876
225  TIM3+F+I+G4   7321.742     69  14781.484    14791.252    15124.075
226  TIM3+F+R2     7362.279     69  14862.558    14872.326    15205.149
227  TIM3+F+R3     7361.273     71  14864.546    14874.905    15217.067
235  TVMe          8263.729     65  16657.458    16666.098    16980.188
236  TVMe+I        7588.695     66  15309.391    15318.306    15637.086
237  TVMe+G4       7530.655     66  15193.311    15202.226    15521.006
238  TVMe+I+G4     7515.654     67  15165.307    15174.502    15497.967
239  TVMe+R2       7531.107     67  15196.215    15205.410    15528.875
240  TVMe+R3       7531.107     69  15200.214    15209.981    15542.804
248  TVM+F         8161.260     68  16458.521    16468.000    16796.146
249  TVM+F+I       7401.169     69  14940.338    14950.105    15282.928
250  TVM+F+G4      7356.571     69  14851.142    14860.910    15193.733
251  TVM+F+I+G4    7323.776     70  14787.551    14797.612    15135.107
252  TVM+F+R2      7359.770     70  14859.539    14869.600    15207.095
253  TVM+F+R3      7358.922     72  14861.845    14872.506    15219.330
261  SYM           8190.041     66  16512.082    16520.997    16839.777
262  SYM+I         7497.877     67  15129.755    15138.949    15462.415
263  SYM+G4        7482.692     67  15099.384    15108.579    15432.044
264  SYM+I+G4      7444.138     68  15024.275    15033.754    15361.901
265  SYM+R2        7468.863     68  15073.726    15083.205    15411.352
266  SYM+R3        7468.138     70  15076.275    15086.336    15423.831
274  GTR+F         8141.732     69  16421.464    16431.231    16764.054
275  GTR+F+I       7395.475     70  14930.951    14941.012    15278.506
276  GTR+F+G4      7355.700     70  14851.400    14861.461    15198.956
277  GTR+F+I+G4    7317.700     71  14777.401    14787.760    15129.922
278  GTR+F+R2      7357.248     71  14856.495    14866.854    15209.016
279  GTR+F+R3      7356.349     73  14858.699    14869.667    15221.150
Akaike Information Criterion:           GTR+F+I+G4
Corrected Akaike Information Criterion: TIM2+F+I+G4
Bayesian Information Criterion:         TN+F+I+G4
Best-fit model: TN+F+I+G4 chosen according to BIC

All model information printed to cob_cat.fasta.mafftaligned.fasta.model.gz
CPU time for ModelFinder: 13.112 seconds (0h:0m:13s)
Wall-clock time for ModelFinder: 13.243 seconds (0h:0m:13s)
Generating 1000 samples for ultrafast bootstrap (seed: 265707)...

NOTE: 3 MB RAM (0 GB) is required!
Estimate model parameters (epsilon = 0.100)
Thoroughly optimizing +I+G parameters from 10 start values...
Init pinv, alpha: 0.000, 1.000 / Estimate: 0.000, 0.211 / LogL: -7361.237
Init pinv, alpha: 0.061, 1.000 / Estimate: 0.502, 1.033 / LogL: -7321.801
Init pinv, alpha: 0.123, 1.000 / Estimate: 0.501, 1.023 / LogL: -7321.812
Init pinv, alpha: 0.184, 1.000 / Estimate: 0.501, 1.025 / LogL: -7321.811
Init pinv, alpha: 0.246, 1.000 / Estimate: 0.502, 1.034 / LogL: -7321.803
Init pinv, alpha: 0.307, 1.000 / Estimate: 0.501, 1.022 / LogL: -7321.818
Init pinv, alpha: 0.369, 1.000 / Estimate: 0.501, 1.023 / LogL: -7321.822
Init pinv, alpha: 0.430, 1.000 / Estimate: 0.501, 1.034 / LogL: -7321.805
Init pinv, alpha: 0.492, 1.000 / Estimate: 0.501, 1.032 / LogL: -7321.806
Init pinv, alpha: 0.553, 1.000 / Estimate: 0.506, 1.084 / LogL: -7321.790
Optimal pinv,alpha: 0.506, 1.084 / LogL: -7321.790

Parameters optimization took 3.357 sec
Computing ML distances based on estimated model parameters... 0.009 sec
Computing BIONJ tree...
0.001 seconds
Log-likelihood of BIONJ tree: -7328.064
--------------------------------------------------------------------
|             INITIALIZING CANDIDATE TREE SET                      |
--------------------------------------------------------------------
Generating 98 parsimony trees... 0.258 second
Computing log-likelihood of 98 initial trees ... 0.844 seconds
Current best score: -7321.790

Do NNI search on 20 best initial trees
Estimate model parameters (epsilon = 0.100)
BETTER TREE FOUND at iteration 1: -7318.619
Estimate model parameters (epsilon = 0.100)
BETTER TREE FOUND at iteration 3: -7318.434
Iteration 10 / LogL: -7318.435 / Time: 0h:0m:5s
Estimate model parameters (epsilon = 0.100)
BETTER TREE FOUND at iteration 11: -7318.391
BETTER TREE FOUND at iteration 17: -7318.391
Iteration 20 / LogL: -7318.435 / Time: 0h:0m:6s
Finish initializing candidate tree set (5)
Current best tree score: -7318.391 / CPU time: 2.788
Number of iterations: 20
--------------------------------------------------------------------
|               OPTIMIZING CANDIDATE TREE SET                      |
--------------------------------------------------------------------
Iteration 30 / LogL: -7318.441 / Time: 0h:0m:7s (0h:0m:21s left)
Iteration 40 / LogL: -7318.417 / Time: 0h:0m:8s (0h:0m:16s left)
UPDATE BEST LOG-LIKELIHOOD: -7318.391
UPDATE BEST LOG-LIKELIHOOD: -7318.391
Iteration 50 / LogL: -7318.432 / Time: 0h:0m:9s (0h:0m:12s left)
Log-likelihood cutoff on original alignment: -7342.436
UPDATE BEST LOG-LIKELIHOOD: -7318.390
Iteration 60 / LogL: -7318.433 / Time: 0h:0m:10s (0h:0m:10s left)
UPDATE BEST LOG-LIKELIHOOD: -7318.390
UPDATE BEST LOG-LIKELIHOOD: -7318.389
Iteration 70 / LogL: -7358.255 / Time: 0h:0m:11s (0h:0m:8s left)
Iteration 80 / LogL: -7318.393 / Time: 0h:0m:13s (0h:0m:6s left)
Iteration 90 / LogL: -7318.433 / Time: 0h:0m:14s (0h:0m:4s left)
Iteration 100 / LogL: -7318.943 / Time: 0h:0m:15s (0h:0m:2s left)
Log-likelihood cutoff on original alignment: -7342.831
NOTE: Bootstrap correlation coefficient of split occurrence frequencies: 0.995
Iteration 110 / LogL: -7318.433 / Time: 0h:0m:16s (0h:0m:13s left)
TREE SEARCH COMPLETED AFTER 118 ITERATIONS / Time: 0h:0m:17s

--------------------------------------------------------------------
|                    FINALIZING TREE SEARCH                        |
--------------------------------------------------------------------
Performs final model parameters optimization
Estimate model parameters (epsilon = 0.010)
1. Initial log-likelihood: -7318.389
Optimal log-likelihood: -7318.389
Rate parameters:  A-C: 1.00000  A-G: 11.05978  A-T: 1.00000  C-G: 1.00000  C-T: 17.05419  G-T: 1.00000
Base frequencies:  A: 0.313  C: 0.224  G: 0.136  T: 0.327
Proportion of invariable sites: 0.506
Gamma shape alpha: 1.109
Parameters optimization took 1 rounds (0.013 sec)
BEST SCORE FOUND : -7318.389
Creating bootstrap support values...
Split supports printed to NEXUS file cob_cat.fasta.mafftaligned.fasta.splits.nex
Total tree length: 4.126

Total number of iterations: 118
CPU time used for tree search: 13.883 sec (0h:0m:13s)
Wall-clock time used for tree search: 14.261 sec (0h:0m:14s)
Total CPU time used: 17.367 sec (0h:0m:17s)
Total wall-clock time used: 17.761 sec (0h:0m:17s)

Computing bootstrap consensus tree...
Reading input file cob_cat.fasta.mafftaligned.fasta.splits.nex...
32 taxa and 193 splits.
Consensus tree written to cob_cat.fasta.mafftaligned.fasta.contree
Reading input trees file cob_cat.fasta.mafftaligned.fasta.contree
Log-likelihood of consensus tree: -7318.434

Analysis results written to: 
  IQ-TREE report:                cob_cat.fasta.mafftaligned.fasta.iqtree
  Maximum-likelihood tree:       cob_cat.fasta.mafftaligned.fasta.treefile
  Likelihood distances:          cob_cat.fasta.mafftaligned.fasta.mldist

Ultrafast bootstrap approximation results written to:
  Split support values:          cob_cat.fasta.mafftaligned.fasta.splits.nex
  Consensus tree:                cob_cat.fasta.mafftaligned.fasta.contree
  Screen log file:               cob_cat.fasta.mafftaligned.fasta.log

Date and Time: Mon Nov 15 14:42:01 2021
