IQ-TREE multicore version 1.6.12 for Linux 64-bit built Mar 23 2020
Developed by Bui Quang Minh, Nguyen Lam Tung, Olga Chernomor,
Heiko Schmidt, Dominik Schrempf, Michael Woodhams.

Host:    a-state-phylogenetics (AVX2, FMA3, 15 GB RAM)
Command: iqtree -s nad1_cat.fasta.mafftaligned.fasta -m MFP -bb 1000
Seed:    224837 (Using SPRNG - Scalable Parallel Random Number Generator)
Time:    Mon Nov 15 14:43:30 2021
Kernel:  AVX+FMA - 1 threads (6 CPU cores detected)

HINT: Use -nt option to specify number of threads because your CPU has 6 cores!
HINT: -nt AUTO will automatically determine the best number of threads to use.

Reading alignment file nad1_cat.fasta.mafftaligned.fasta ... Fasta format detected
Alignment most likely contains DNA/RNA sequences
Alignment has 33 sequences with 864 columns, 378 distinct patterns
331 parsimony-informative, 91 singleton sites, 442 constant sites
                                    Gap/Ambiguity  Composition  p-value
   1  BBWA_971_A_CCTATACC-GCTCTGTA          0.00%    passed     46.05%
   2  CONW_930_R_ATCGTCTC-GTCCTTCT          0.00%    passed     71.45%
   3  OVEN_614_P_CTTCCTTC-ACCTGGAA          0.00%    passed     49.94%
   4  CMWA_952_R_CTAAGACC-CTGTTAGG          0.00%    passed     61.95%
   5  NOPA_676_R_AACCGAAC-CGAGTATG          0.00%    passed     77.54%
   6  PRAW_770_P_AAGTCCTC-TGGTAGCT          0.00%    passed     79.12%
   7  PIWA_948_R_ATAACGCC-TTGGTGAG          0.00%    passed     76.65%
   8  CAWA_366_A_CCGGAATA-CCTACTGA_dd       0.00%    passed     58.17%
   9  YEWA_941_P_Pr_CTATCCAC-TGTGCGTT       0.00%    passed     45.17%
  10  NOWA_315_A_CGTCCATT-AGGAGGAA          0.00%    passed     83.53%
  11  BLBW_861_R_AACGCCTT-TTCTCTCG          0.00%    passed     62.57%
  12  YEWA_941_P_Tr_ACGCTTCT-GACTTAGG       0.00%    passed     73.86%
  13  COYE_868_R_CCAACACT-AGTTCGTC          0.00%    passed     68.27%
  14  AMRE_967_R_ACGGACTT-TCTCCGAT          0.00%    passed     70.80%
  15  CSWA_939_R_TCCATTGC-TCCTACCT          0.00%    passed     66.53%
  16  BTNW_492_R_AAGGACCA-GTGTTCCT          0.00%    passed     62.57%
  17  MOWA_611_R_HC7TNCCX2_subsampled_dd    0.00%    passed     67.15%
  18  YTWA_970_R_GAACCTTC-GTACCTTG          0.00%    passed     96.44%
  19  BPWA_337_C_CAAGCCAA-CTTCGTTC_dd      43.75%    passed      5.88%
  20  LOWA_438_A_AACTTGCC-GAAGTTGG          0.00%    passed     86.10%
  21  SWWA_980_R_TACATCGG-TGATCGGA          0.00%    passed     55.99%
  22  PROW_974_R_CGCTACAT-CGTAGGTT          0.00%    passed     48.49%
  23  CERW_358_A_TCTTCGAC-GAGCAGTA          0.00%    passed     70.80%
  24  BTNW_765_P_CCAAGTAG-TCACGTTC          0.00%    passed     86.30%
  25  BWWA_412_R_GTACACCT-TTGGTCTC          0.00%    passed     74.71%
  26  BTBW_850_R_AGGTTCCT-AGGTTCGA          0.00%    passed     74.71%
  27  WEWA_727_R_ACCATCCT-GTTCATGG          0.00%    passed     54.75%
  28  MAWA_362_A_CCTTAGGT-TTGAGGCA          0.00%    passed     66.71%
  29  BAWW_968_P_CGACCTAA-CAGGTTAG          0.00%    passed     76.40%
  30  GWWA_928_R_ACGAGAAC-CGAACTGT          0.00%    passed     70.80%
  31  NAWA_328_A_CCACAACA-CTTGGATG          0.00%    passed     49.94%
  32  KEWA_584_R_TCTAGGAG-CGTTGCAA          0.00%    passed     49.94%
  33  Proctophyllodes_miliariae             0.00%    passed     19.09%
****  TOTAL                                 1.33%  0 sequences failed composition chi2 test (p-value<5%; df=3)
NOTE: NAWA_328_A_CCACAACA-CTTGGATG is identical to OVEN_614_P_CTTCCTTC-ACCTGGAA but kept for subsequent analysis
NOTE: GWWA_928_R_ACGAGAAC-CGAACTGT is identical to AMRE_967_R_ACGGACTT-TCTCCGAT but kept for subsequent analysis
NOTE: 1 identical sequences (see below) will be ignored for subsequent analysis
NOTE: KEWA_584_R_TCTAGGAG-CGTTGCAA (identical to OVEN_614_P_CTTCCTTC-ACCTGGAA) is ignored but added at the end

For your convenience alignment with unique sequences printed to nad1_cat.fasta.mafftaligned.fasta.uniqueseq.phy


Create initial parsimony tree by phylogenetic likelihood library (PLL)... 0.004 seconds
NOTE: ModelFinder requires 5 MB RAM!
ModelFinder will test 286 DNA models (sample size: 864) ...
 No. Model         -LnL         df  AIC          AICc         BIC
  1  JC            6543.913     61  13209.825    13219.257    13500.281
  2  JC+I          6193.915     62  12511.830    12521.583    12807.047
  3  JC+G4         6158.653     62  12441.306    12451.059    12736.524
  4  JC+I+G4       6152.461     63  12430.921    12441.001    12730.900
  5  JC+R2         6187.054     63  12500.108    12510.188    12800.087
  6  JC+R3         6169.377     65  12468.754    12479.506    12778.256
  7  JC+R4         6157.772     67  12449.543    12460.990    12768.568
  8  JC+R5         6155.492     69  12448.983    12461.150    12777.532
 14  F81+F         6509.519     64  13147.039    13157.452    13451.779
 15  F81+F+I       6149.800     65  12429.600    12440.352    12739.102
 16  F81+F+G4      6114.328     65  12358.656    12369.408    12668.159
 17  F81+F+I+G4    6108.265     66  12348.530    12359.626    12662.794
 18  F81+F+R2      6136.257     66  12404.514    12415.610    12718.778
 19  F81+F+R3      6122.729     68  12381.458    12393.262    12705.245
 20  F81+F+R4      6113.771     70  12367.541    12380.076    12700.851
 21  F81+F+R5      6112.748     72  12369.496    12382.785    12712.329
 27  K2P           6203.449     62  12530.897    12540.650    12826.115
 28  K2P+I         5805.825     63  11737.650    11747.730    12037.629
 29  K2P+G4        5744.752     63  11615.505    11625.585    11915.484
 30  K2P+I+G4      5733.795     64  11595.590    11606.003    11900.331
 31  K2P+R2        5776.796     64  11681.593    11692.006    11986.334
 32  K2P+R3        5759.296     66  11650.593    11661.689    11964.857
 33  K2P+R4        5750.354     68  11636.708    11648.512    11960.495
 34  K2P+R5        5748.147     70  11636.293    11648.828    11969.604
 40  HKY+F         6100.648     65  12331.297    12342.049    12640.799
 41  HKY+F+I       5676.482     66  11484.963    11496.060    11799.227
 42  HKY+F+G4      5614.328     66  11360.657    11371.754    11674.921
 43  HKY+F+I+G4    5602.871     67  11339.743    11351.190    11658.768
 44  HKY+F+R2      5649.241     67  11432.481    11443.928    11751.507
 45  HKY+F+R3      5634.363     69  11406.727    11418.893    11735.275
 46  HKY+F+R4      5625.505     71  11393.010    11405.919    11731.081
 47  HKY+F+R5      5623.282     73  11392.564    11406.240    11740.159
 53  TNe           6193.395     63  12512.791    12522.871    12812.770
 54  TNe+I         5791.292     64  11710.585    11720.998    12015.325
 55  TNe+G4        5735.933     64  11599.866    11610.279    11904.606
 56  TNe+I+G4      5722.675     65  11575.351    11586.102    11884.853
 57  TNe+R2        5761.632     65  11653.264    11664.016    11962.767
 58  TNe+R3        5748.003     67  11630.006    11641.453    11949.031
 59  TNe+R4        5741.741     69  11621.481    11633.647    11950.030
 66  TN+F          6093.527     66  12319.053    12330.150    12633.317
 67  TN+F+I        5673.114     67  11480.228    11491.675    11799.253
 68  TN+F+G4       5613.262     67  11360.525    11371.972    11679.550
 69  TN+F+I+G4     5601.144     68  11338.288    11350.092    11662.075
 70  TN+F+R2       5639.511     68  11415.022    11426.826    11738.809
 71  TN+F+R3       5629.924     70  11399.849    11412.383    11733.159
 72  TN+F+R4       5624.125     72  11392.250    11405.539    11735.083
 79  K3P           6194.723     63  12515.446    12525.526    12815.425
 80  K3P+I         5802.199     64  11732.398    11742.811    12037.139
 81  K3P+G4        5738.573     64  11605.147    11615.560    11909.887
 82  K3P+I+G4      5728.038     65  11586.075    11596.827    11895.578
 83  K3P+R2        5760.820     65  11651.640    11662.392    11961.142
 84  K3P+R3        5747.834     67  11629.668    11641.116    11948.694
 85  K3P+R4        5743.571     69  11625.143    11637.309    11953.691
 92  K3Pu+F        6099.970     66  12331.941    12343.037    12646.205
 93  K3Pu+F+I      5676.302     67  11486.603    11498.050    11805.629
 94  K3Pu+F+G4     5614.290     67  11362.581    11374.028    11681.606
 95  K3Pu+F+I+G4   5602.818     68  11341.635    11353.439    11665.422
 96  K3Pu+F+R2     5636.679     68  11409.358    11421.162    11733.145
 97  K3Pu+F+R3     5629.550     70  11399.099    11411.634    11732.410
 98  K3Pu+F+R4     5625.376     72  11394.753    11408.042    11737.586
105  TPM2+F        6089.423     66  12310.845    12321.942    12625.109
106  TPM2+F+I      5674.609     67  11483.218    11494.665    11802.243
107  TPM2+F+G4     5614.247     67  11362.494    11373.942    11681.520
108  TPM2+F+I+G4   5602.557     68  11341.114    11352.918    11664.901
109  TPM2+F+R2     5635.323     68  11406.646    11418.450    11730.433
110  TPM2+F+R3     5629.275     70  11398.550    11411.085    11731.860
118  TPM2u+F       6089.425     66  12310.850    12321.947    12625.114
119  TPM2u+F+I     5674.611     67  11483.222    11494.669    11802.247
120  TPM2u+F+G4    5614.249     67  11362.499    11373.946    11681.524
121  TPM2u+F+I+G4  5602.528     68  11341.056    11352.860    11664.843
122  TPM2u+F+R2    5634.492     68  11404.983    11416.787    11728.770
123  TPM2u+F+R3    5629.242     70  11398.484    11411.018    11731.794
131  TPM3+F        6092.487     66  12316.975    12328.071    12631.238
132  TPM3+F+I      5670.645     67  11475.290    11486.737    11794.315
133  TPM3+F+G4     5606.979     67  11347.958    11359.405    11666.983
134  TPM3+F+I+G4   5595.009     68  11326.018    11337.822    11649.805
135  TPM3+F+R2     5625.263     68  11386.526    11398.330    11710.313
136  TPM3+F+R3     5621.638     70  11383.277    11395.812    11716.587
144  TPM3u+F       6092.490     66  12316.979    12328.076    12631.243
145  TPM3u+F+I     5670.647     67  11475.293    11486.741    11794.319
146  TPM3u+F+G4    5606.981     67  11347.962    11359.409    11666.987
147  TPM3u+F+I+G4  5595.006     68  11326.013    11337.816    11649.800
148  TPM3u+F+R2    5624.683     68  11385.366    11397.169    11709.153
149  TPM3u+F+R3    5621.589     70  11383.177    11395.712    11716.487
157  TIMe          6184.642     64  12497.284    12507.697    12802.025
158  TIMe+I        5787.777     65  11705.554    11716.306    12015.056
159  TIMe+G4       5729.933     65  11589.867    11600.619    11899.369
160  TIMe+I+G4     5717.074     66  11566.148    11577.245    11880.412
161  TIMe+R2       5751.488     66  11634.976    11646.073    11949.240
162  TIMe+R3       5738.305     68  11612.611    11624.415    11936.398
163  TIMe+R4       5735.271     70  11610.543    11623.077    11943.853
170  TIM+F         6092.788     67  12319.576    12331.023    12638.601
171  TIM+F+I       5672.981     68  11481.961    11493.765    11805.748
172  TIM+F+G4      5613.228     68  11362.456    11374.260    11686.243
173  TIM+F+I+G4    5601.131     69  11340.262    11352.428    11668.810
174  TIM+F+R2      5632.420     69  11402.841    11415.007    11731.389
175  TIM+F+R3      5626.749     71  11395.497    11408.407    11733.569
183  TIM2e         6161.350     64  12450.700    12461.113    12755.441
184  TIM2e+I       5775.053     65  11680.107    11690.859    11989.609
185  TIM2e+G4      5722.274     65  11574.547    11585.299    11884.050
186  TIM2e+I+G4    5708.131     66  11548.262    11559.358    11862.525
187  TIM2e+R2      5743.026     66  11618.052    11629.148    11932.315
188  TIM2e+R3      5728.567     68  11593.135    11604.939    11916.922
189  TIM2e+R4      5726.012     70  11592.025    11604.560    11925.335
196  TIM2+F        6082.301     67  12298.602    12310.049    12617.627
197  TIM2+F+I      5671.082     68  11478.164    11489.968    11801.951
198  TIM2+F+G4     5613.131     68  11362.263    11374.067    11686.050
199  TIM2+F+I+G4   5600.797     69  11339.593    11351.759    11668.142
200  TIM2+F+R2     5632.250     69  11402.500    11414.666    11731.049
201  TIM2+F+R3     5626.188     71  11394.376    11407.285    11732.448
209  TIM3e         6193.384     64  12514.767    12525.180    12819.508
210  TIM3e+I       5791.259     65  11712.519    11723.271    12022.021
211  TIM3e+G4      5735.877     65  11601.753    11612.505    11911.256
212  TIM3e+I+G4    5722.673     66  11577.346    11588.442    11891.610
213  TIM3e+R2      5756.203     66  11644.407    11655.503    11958.670
214  TIM3e+R3      5744.115     68  11624.230    11636.034    11948.017
215  TIM3e+R4      5741.548     70  11623.095    11635.630    11956.405
222  TIM3+F        6085.014     67  12304.028    12315.476    12623.054
223  TIM3+F+I      5667.367     68  11470.735    11482.538    11794.521
224  TIM3+F+G4     5605.847     68  11347.695    11359.498    11671.482
225  TIM3+F+I+G4   5593.282     69  11324.563    11336.729    11653.112
226  TIM3+F+R2     5623.314     69  11384.628    11396.794    11713.177
227  TIM3+F+R3     5618.441     71  11378.882    11391.791    11716.953
235  TVMe          6169.008     65  12468.017    12478.768    12777.519
236  TVMe+I        5790.140     66  11712.280    11723.376    12026.543
237  TVMe+G4       5727.128     66  11586.255    11597.352    11900.519
238  TVMe+I+G4     5715.845     67  11565.689    11577.136    11884.714
239  TVMe+R2       5749.942     67  11633.884    11645.331    11952.909
240  TVMe+R3       5732.943     69  11603.886    11616.052    11932.434
241  TVMe+R4       5730.900     71  11603.800    11616.709    11941.872
248  TVM+F         6079.666     68  12295.332    12307.136    12619.119
249  TVM+F+I       5668.350     69  11474.701    11486.867    11803.249
250  TVM+F+G4      5605.167     69  11348.334    11360.500    11676.883
251  TVM+F+I+G4    5593.430     70  11326.861    11339.396    11660.171
252  TVM+F+R2      5624.116     70  11388.233    11400.768    11721.543
253  TVM+F+R3      5617.654     72  11379.309    11392.598    11722.142
261  SYM           6158.839     66  12449.677    12460.774    12763.941
262  SYM+I         5773.936     67  11681.873    11693.320    12000.898
263  SYM+G4        5719.125     67  11572.249    11583.697    11891.275
264  SYM+I+G4      5705.248     68  11546.496    11558.300    11870.283
265  SYM+R2        5741.144     68  11618.288    11630.092    11942.075
266  SYM+R3        5724.549     70  11589.098    11601.633    11922.408
267  SYM+R4        5722.611     72  11589.222    11602.512    11932.056
274  GTR+F         6072.142     69  12282.285    12294.451    12610.833
275  GTR+F+I       5664.936     70  11469.873    11482.407    11803.183
276  GTR+F+G4      5603.993     70  11347.985    11360.520    11681.295
277  GTR+F+I+G4    5591.523     71  11325.046    11337.955    11663.118
278  GTR+F+R2      5622.520     71  11387.041    11399.950    11725.112
279  GTR+F+R3      5615.859     73  11377.718    11391.394    11725.313
Akaike Information Criterion:           TIM3+F+I+G4
Corrected Akaike Information Criterion: TIM3+F+I+G4
Bayesian Information Criterion:         TPM3u+F+I+G4
Best-fit model: TPM3u+F+I+G4 chosen according to BIC

All model information printed to nad1_cat.fasta.mafftaligned.fasta.model.gz
CPU time for ModelFinder: 11.319 seconds (0h:0m:11s)
Wall-clock time for ModelFinder: 11.486 seconds (0h:0m:11s)
Generating 1000 samples for ultrafast bootstrap (seed: 224837)...

NOTE: 3 MB RAM (0 GB) is required!
Estimate model parameters (epsilon = 0.100)
Thoroughly optimizing +I+G parameters from 10 start values...
Init pinv, alpha: 0.000, 1.000 / Estimate: 0.000, 0.249 / LogL: -5606.994
Init pinv, alpha: 0.057, 1.000 / Estimate: 0.064, 0.277 / LogL: -5605.579
Init pinv, alpha: 0.114, 1.000 / Estimate: 0.134, 0.320 / LogL: -5603.864
Init pinv, alpha: 0.171, 1.000 / Estimate: 0.411, 0.837 / LogL: -5595.128
Init pinv, alpha: 0.227, 1.000 / Estimate: 0.414, 0.850 / LogL: -5595.082
Init pinv, alpha: 0.284, 1.000 / Estimate: 0.415, 0.854 / LogL: -5595.069
Init pinv, alpha: 0.341, 1.000 / Estimate: 0.413, 0.843 / LogL: -5595.107
Init pinv, alpha: 0.398, 1.000 / Estimate: 0.415, 0.856 / LogL: -5595.076
Init pinv, alpha: 0.455, 1.000 / Estimate: 0.433, 0.957 / LogL: -5595.017
Init pinv, alpha: 0.512, 1.000 / Estimate: 0.435, 0.963 / LogL: -5595.045
Optimal pinv,alpha: 0.433, 0.957 / LogL: -5595.017

Parameters optimization took 1.988 sec
Computing ML distances based on estimated model parameters... 0.008 sec
Computing BIONJ tree...
0.001 seconds
Log-likelihood of BIONJ tree: -5597.918
--------------------------------------------------------------------
|             INITIALIZING CANDIDATE TREE SET                      |
--------------------------------------------------------------------
Generating 98 parsimony trees... 0.246 second
Computing log-likelihood of 98 initial trees ... 0.770 seconds
Current best score: -5589.615

Do NNI search on 20 best initial trees
Estimate model parameters (epsilon = 0.100)
BETTER TREE FOUND at iteration 1: -5589.264
BETTER TREE FOUND at iteration 2: -5589.264
UPDATE BEST LOG-LIKELIHOOD: -5589.264
BETTER TREE FOUND at iteration 7: -5589.264
BETTER TREE FOUND at iteration 9: -5589.264
Iteration 10 / LogL: -5589.264 / Time: 0h:0m:3s
BETTER TREE FOUND at iteration 12: -5589.264
BETTER TREE FOUND at iteration 13: -5589.264
Iteration 20 / LogL: -5589.756 / Time: 0h:0m:4s
Finish initializing candidate tree set (16)
Current best tree score: -5589.264 / CPU time: 2.234
Number of iterations: 20
--------------------------------------------------------------------
|               OPTIMIZING CANDIDATE TREE SET                      |
--------------------------------------------------------------------
Estimate model parameters (epsilon = 0.100)
BETTER TREE FOUND at iteration 22: -5589.186
Iteration 30 / LogL: -5589.260 / Time: 0h:0m:5s (0h:0m:16s left)
BETTER TREE FOUND at iteration 35: -5589.186
Iteration 40 / LogL: -5589.267 / Time: 0h:0m:6s (0h:0m:15s left)
UPDATE BEST LOG-LIKELIHOOD: -5589.186
Iteration 50 / LogL: -5589.259 / Time: 0h:0m:7s (0h:0m:12s left)
Log-likelihood cutoff on original alignment: -5612.177
Iteration 60 / LogL: -5591.218 / Time: 0h:0m:8s (0h:0m:10s left)
Iteration 70 / LogL: -5589.458 / Time: 0h:0m:9s (0h:0m:8s left)
UPDATE BEST LOG-LIKELIHOOD: -5589.186
Iteration 80 / LogL: -5630.108 / Time: 0h:0m:10s (0h:0m:7s left)
Iteration 90 / LogL: -5591.564 / Time: 0h:0m:11s (0h:0m:5s left)
Iteration 100 / LogL: -5589.187 / Time: 0h:0m:12s (0h:0m:4s left)
Log-likelihood cutoff on original alignment: -5613.576
NOTE: Bootstrap correlation coefficient of split occurrence frequencies: 0.988
NOTE: UFBoot does not converge, continue at least 100 more iterations
Iteration 110 / LogL: -5589.454 / Time: 0h:0m:14s (0h:0m:11s left)
Iteration 120 / LogL: -5590.431 / Time: 0h:0m:15s (0h:0m:10s left)
Iteration 130 / LogL: -5589.210 / Time: 0h:0m:16s (0h:0m:8s left)
UPDATE BEST LOG-LIKELIHOOD: -5589.186
Iteration 140 / LogL: -5589.188 / Time: 0h:0m:17s (0h:0m:7s left)
UPDATE BEST LOG-LIKELIHOOD: -5589.186
Iteration 150 / LogL: -5591.129 / Time: 0h:0m:18s (0h:0m:6s left)
Log-likelihood cutoff on original alignment: -5613.316
UPDATE BEST LOG-LIKELIHOOD: -5589.185
Iteration 160 / LogL: -5601.652 / Time: 0h:0m:19s (0h:0m:4s left)
Iteration 170 / LogL: -5589.185 / Time: 0h:0m:20s (0h:0m:3s left)
Iteration 180 / LogL: -5589.207 / Time: 0h:0m:21s (0h:0m:2s left)
Iteration 190 / LogL: -5589.186 / Time: 0h:0m:22s (0h:0m:1s left)
Iteration 200 / LogL: -5590.884 / Time: 0h:0m:23s (0h:0m:0s left)
Log-likelihood cutoff on original alignment: -5613.356
NOTE: Bootstrap correlation coefficient of split occurrence frequencies: 0.997
TREE SEARCH COMPLETED AFTER 200 ITERATIONS / Time: 0h:0m:23s

--------------------------------------------------------------------
|                    FINALIZING TREE SEARCH                        |
--------------------------------------------------------------------
Performs final model parameters optimization
Estimate model parameters (epsilon = 0.010)
1. Initial log-likelihood: -5589.185
Optimal log-likelihood: -5589.183
Rate parameters:  A-C: 2.98542  A-G: 23.15820  A-T: 1.00000  C-G: 2.98542  C-T: 23.15820  G-T: 1.00000
Base frequencies:  A: 0.303  C: 0.168  G: 0.163  T: 0.366
Proportion of invariable sites: 0.429
Gamma shape alpha: 0.935
Parameters optimization took 1 rounds (0.013 sec)
BEST SCORE FOUND : -5589.183
Creating bootstrap support values...
Split supports printed to NEXUS file nad1_cat.fasta.mafftaligned.fasta.splits.nex
Total tree length: 4.755

Total number of iterations: 200
CPU time used for tree search: 20.871 sec (0h:0m:20s)
Wall-clock time used for tree search: 21.423 sec (0h:0m:21s)
Total CPU time used: 22.962 sec (0h:0m:22s)
Total wall-clock time used: 23.542 sec (0h:0m:23s)

Computing bootstrap consensus tree...
Reading input file nad1_cat.fasta.mafftaligned.fasta.splits.nex...
32 taxa and 334 splits.
Consensus tree written to nad1_cat.fasta.mafftaligned.fasta.contree
Reading input trees file nad1_cat.fasta.mafftaligned.fasta.contree
Log-likelihood of consensus tree: -5589.183

Analysis results written to: 
  IQ-TREE report:                nad1_cat.fasta.mafftaligned.fasta.iqtree
  Maximum-likelihood tree:       nad1_cat.fasta.mafftaligned.fasta.treefile
  Likelihood distances:          nad1_cat.fasta.mafftaligned.fasta.mldist

Ultrafast bootstrap approximation results written to:
  Split support values:          nad1_cat.fasta.mafftaligned.fasta.splits.nex
  Consensus tree:                nad1_cat.fasta.mafftaligned.fasta.contree
  Screen log file:               nad1_cat.fasta.mafftaligned.fasta.log

Date and Time: Mon Nov 15 14:44:05 2021
