IQ-TREE multicore version 1.6.12 for Linux 64-bit built Mar 23 2020
Developed by Bui Quang Minh, Nguyen Lam Tung, Olga Chernomor,
Heiko Schmidt, Dominik Schrempf, Michael Woodhams.

Host:    a-state-phylogenetics (AVX2, FMA3, 15 GB RAM)
Command: iqtree -s nad2_cat.fasta.mafftaligned.fasta -m MFP -bb 1000
Seed:    350799 (Using SPRNG - Scalable Parallel Random Number Generator)
Time:    Mon Nov 15 14:44:05 2021
Kernel:  AVX+FMA - 1 threads (6 CPU cores detected)

HINT: Use -nt option to specify number of threads because your CPU has 6 cores!
HINT: -nt AUTO will automatically determine the best number of threads to use.

Reading alignment file nad2_cat.fasta.mafftaligned.fasta ... Fasta format detected
Alignment most likely contains DNA/RNA sequences
Alignment has 31 sequences with 894 columns, 411 distinct patterns
423 parsimony-informative, 67 singleton sites, 404 constant sites
                                    Gap/Ambiguity  Composition  p-value
   1  BBWA_971_A_CCTATACC-GCTCTGTA          1.01%    passed     80.46%
   2  CONW_930_R_ATCGTCTC-GTCCTTCT          0.00%    passed     53.57%
   3  OVEN_614_P_CTTCCTTC-ACCTGGAA          0.00%    passed      9.70%
   4  CMWA_952_R_CTAAGACC-CTGTTAGG          1.01%    passed     35.36%
   5  NOPA_676_R_AACCGAAC-CGAGTATG          0.00%    passed     35.67%
   6  PRAW_770_P_AAGTCCTC-TGGTAGCT          0.00%    passed     50.43%
   7  PIWA_948_R_ATAACGCC-TTGGTGAG          0.00%    passed     47.45%
   8  CAWA_366_A_CCGGAATA-CCTACTGA_dd       1.01%    passed     42.52%
   9  YEWA_941_P_Pr_CTATCCAC-TGTGCGTT       0.67%    failed      0.85%
  10  NOWA_315_A_CGTCCATT-AGGAGGAA          0.00%    passed     62.55%
  11  BLBW_861_R_AACGCCTT-TTCTCTCG          1.01%    passed     29.30%
  12  COYE_868_R_CCAACACT-AGTTCGTC          0.00%    passed     66.52%
  13  AMRE_967_R_ACGGACTT-TCTCCGAT          1.01%    passed     34.85%
  14  CSWA_939_R_TCCATTGC-TCCTACCT          1.01%    passed     29.73%
  15  BTNW_492_R_AAGGACCA-GTGTTCCT          1.01%    passed     44.61%
  16  MOWA_611_R_HC7TNCCX2_subsampled_dd    0.00%    passed     53.14%
  17  YTWA_970_R_GAACCTTC-GTACCTTG          0.00%    passed     41.30%
  18  LOWA_438_A_AACTTGCC-GAAGTTGG          0.00%    passed     62.76%
  19  SWWA_980_R_TACATCGG-TGATCGGA          0.00%    passed     20.22%
  20  PROW_974_R_CGCTACAT-CGTAGGTT          0.00%    passed     95.68%
  21  CERW_358_A_TCTTCGAC-GAGCAGTA          1.01%    passed     35.23%
  22  BTNW_765_P_CCAAGTAG-TCACGTTC          0.00%    passed     33.62%
  23  BWWA_412_R_GTACACCT-TTGGTCTC          1.01%    passed     50.79%
  24  BTBW_850_R_AGGTTCCT-AGGTTCGA          1.01%    passed     29.73%
  25  WEWA_727_R_ACCATCCT-GTTCATGG          0.00%    passed     33.32%
  26  MAWA_362_A_CCTTAGGT-TTGAGGCA          1.01%    passed     24.54%
  27  BAWW_968_P_CGACCTAA-CAGGTTAG          0.00%    passed     97.23%
  28  GWWA_928_R_ACGAGAAC-CGAACTGT          1.01%    passed     24.54%
  29  NAWA_328_A_CCACAACA-CTTGGATG          0.00%    passed      8.06%
  30  KEWA_584_R_TCTAGGAG-CGTTGCAA          0.00%    passed     13.56%
  31  Proctophyllodes_miliariae             0.00%    failed      3.66%
****  TOTAL                                 0.41%  2 sequences failed composition chi2 test (p-value<5%; df=3)


Create initial parsimony tree by phylogenetic likelihood library (PLL)... 0.005 seconds
NOTE: ModelFinder requires 5 MB RAM!
ModelFinder will test 286 DNA models (sample size: 894) ...
 No. Model         -LnL         df  AIC          AICc         BIC
  1  JC            7375.415     59  14868.830    14877.319    15151.776
  2  JC+I          7065.675     60  14251.349    14260.137    14539.092
  3  JC+G4         7030.735     60  14181.471    14190.258    14469.213
  4  JC+I+G4       7027.595     61  14177.191    14186.282    14469.729
  5  JC+R2         7046.391     61  14214.783    14223.874    14507.321
  6  JC+R3         7034.071     63  14194.143    14203.859    14496.272
  7  JC+R4         7028.625     65  14187.250    14197.612    14498.971
 14  F81+F         7305.293     62  14734.587    14743.988    15031.921
 15  F81+F+I       6978.585     63  14083.169    14092.885    14385.299
 16  F81+F+G4      6933.261     63  13992.523    14002.239    14294.652
 17  F81+F+I+G4    6931.272     64  13990.544    14000.581    14297.470
 18  F81+F+R2      6946.300     64  14020.600    14030.636    14327.525
 19  F81+F+R3      6934.601     66  14001.202    14011.896    14317.718
 20  F81+F+R4      6931.780     68  13999.561    14010.935    14325.669
 27  K2P           7048.797     60  14217.593    14226.381    14505.335
 28  K2P+I         6691.301     61  13504.602    13513.694    13797.140
 29  K2P+G4        6626.563     61  13375.125    13384.217    13667.663
 30  K2P+I+G4      6626.194     62  13376.389    13385.789    13673.722
 31  K2P+R2        6646.394     62  13416.788    13426.189    13714.122
 32  K2P+R3        6630.259     64  13388.517    13398.553    13695.442
 33  K2P+R4        6627.210     66  13386.421    13397.115    13702.937
 40  HKY+F         6854.538     63  13835.076    13844.792    14137.206
 41  HKY+F+I       6445.414     64  13018.829    13028.865    13325.754
 42  HKY+F+G4      6369.364     64  12866.728    12876.764    13173.653
 43  HKY+F+I+G4    6360.754     65  12851.507    12861.870    13163.228
 44  HKY+F+R2      6392.640     65  12915.280    12925.642    13227.001
 45  HKY+F+R3      6367.948     67  12869.896    12880.928    13191.208
 46  HKY+F+R4      6363.811     69  12865.621    12877.344    13196.525
 53  TNe           7029.871     61  14181.742    14190.833    14474.280
 54  TNe+I         6649.311     62  13422.623    13432.024    13719.957
 55  TNe+G4        6607.853     62  13339.706    13349.107    13637.040
 56  TNe+I+G4      6600.707     63  13327.414    13337.129    13629.543
 57  TNe+R2        6620.604     63  13367.209    13376.924    13669.338
 58  TNe+R3        6603.159     65  13336.317    13346.679    13648.038
 59  TNe+R4        6602.852     67  13339.704    13350.736    13661.016
 66  TN+F          6853.026     64  13834.052    13844.088    14140.977
 67  TN+F+I        6445.408     65  13020.816    13031.178    13332.536
 68  TN+F+G4       6364.918     65  12859.835    12870.197    13171.556
 69  TN+F+I+G4     6357.994     66  12847.988    12858.682    13164.504
 70  TN+F+R2       6379.251     66  12890.501    12901.195    13207.018
 71  TN+F+R3       6358.953     68  12853.906    12865.281    13180.014
 72  TN+F+R4       6358.906     70  12857.811    12869.889    13193.511
 79  K3P           7043.163     61  14208.326    14217.418    14500.864
 80  K3P+I         6687.895     62  13499.789    13509.190    13797.123
 81  K3P+G4        6623.411     62  13370.822    13380.222    13668.156
 82  K3P+I+G4      6623.528     63  13373.056    13382.772    13675.186
 83  K3P+R2        6635.233     63  13396.466    13406.182    13698.596
 84  K3P+R3        6622.937     65  13375.873    13386.236    13687.594
 85  K3P+R4        6622.913     67  13379.827    13390.858    13701.139
 92  K3Pu+F        6854.399     64  13836.799    13846.835    14143.724
 93  K3Pu+F+I      6445.416     65  13020.832    13031.194    13332.553
 94  K3Pu+F+G4     6369.261     65  12868.522    12878.885    13180.243
 95  K3Pu+F+I+G4   6360.453     66  12852.907    12863.601    13169.424
 96  K3Pu+F+R2     6379.052     66  12890.104    12900.798    13206.621
 97  K3Pu+F+R3     6362.240     68  12860.481    12871.855    13186.589
 98  K3Pu+F+R4     6361.814     70  12863.629    12875.706    13199.328
105  TPM2+F        6852.366     64  13832.731    13842.767    14139.656
106  TPM2+F+I      6443.718     65  13017.436    13027.799    13329.157
107  TPM2+F+G4     6368.900     65  12867.801    12878.163    13179.521
108  TPM2+F+I+G4   6360.160     66  12852.320    12863.014    13168.836
109  TPM2+F+R2     6376.337     66  12884.675    12895.369    13201.191
110  TPM2+F+R3     6361.085     68  12858.170    12869.545    13184.278
111  TPM2+F+R4     6361.012     70  12862.025    12874.102    13197.724
118  TPM2u+F       6852.360     64  13832.721    13842.757    14139.646
119  TPM2u+F+I     6443.714     65  13017.427    13027.790    13329.148
120  TPM2u+F+G4    6368.899     65  12867.798    12878.161    13179.519
121  TPM2u+F+I+G4  6360.147     66  12852.293    12862.987    13168.810
122  TPM2u+F+R2    6374.768     66  12881.537    12892.231    13198.053
123  TPM2u+F+R3    6360.679     68  12857.358    12868.732    13183.466
124  TPM2u+F+R4    6360.554     70  12861.109    12873.187    13196.808
131  TPM3+F        6848.065     64  13824.130    13834.167    14131.056
132  TPM3+F+I      6444.641     65  13019.282    13029.644    13331.003
133  TPM3+F+G4     6366.161     65  12862.321    12872.683    13174.042
134  TPM3+F+I+G4   6357.538     66  12847.077    12857.771    13163.594
135  TPM3+F+R2     6370.429     66  12872.858    12883.552    13189.375
136  TPM3+F+R3     6357.567     68  12851.134    12862.508    13177.242
137  TPM3+F+R4     6357.489     70  12854.978    12867.056    13190.678
144  TPM3u+F       6848.068     64  13824.136    13834.173    14131.061
145  TPM3u+F+I     6444.644     65  13019.287    13029.649    13331.008
146  TPM3u+F+G4    6366.164     65  12862.328    12872.690    13174.049
147  TPM3u+F+I+G4  6357.542     66  12847.084    12857.778    13163.600
148  TPM3u+F+R2    6369.532     66  12871.064    12881.758    13187.581
149  TPM3u+F+R3    6357.383     68  12850.766    12862.141    13176.874
150  TPM3u+F+R4    6357.328     70  12854.655    12866.733    13190.355
157  TIMe          7024.301     62  14172.603    14182.003    14469.936
158  TIMe+I        6646.224     63  13418.448    13428.163    13720.577
159  TIMe+G4       6604.531     63  13335.062    13344.778    13637.192
160  TIMe+I+G4     6597.500     64  13323.000    13333.036    13629.925
161  TIMe+R2       6612.580     64  13353.161    13363.197    13660.086
162  TIMe+R3       6598.711     66  13329.423    13340.117    13645.939
163  TIMe+R4       6598.607     68  13333.213    13344.588    13659.321
170  TIM+F         6852.877     65  13835.753    13846.115    14147.474
171  TIM+F+I       6445.416     66  13022.833    13033.527    13339.349
172  TIM+F+G4      6364.736     66  12861.472    12872.166    13177.988
173  TIM+F+I+G4    6357.624     67  12849.248    12860.279    13170.560
174  TIM+F+R2      6370.032     67  12874.063    12885.095    13195.375
175  TIM+F+R3      6357.476     69  12852.952    12864.675    13183.855
176  TIM+F+R4      6357.461     71  12856.923    12869.361    13197.418
183  TIM2e         6991.104     62  14106.208    14115.609    14403.542
184  TIM2e+I       6621.778     63  13369.556    13379.272    13671.685
185  TIM2e+G4      6581.625     63  13289.250    13298.966    13591.380
186  TIM2e+I+G4    6575.169     64  13278.337    13288.373    13585.262
187  TIM2e+R2      6590.311     64  13308.622    13318.658    13615.547
188  TIM2e+R3      6576.213     66  13284.426    13295.120    13600.942
189  TIM2e+R4      6576.139     68  13288.279    13299.653    13614.387
196  TIM2+F        6850.860     65  13831.720    13842.082    14143.441
197  TIM2+F+I      6443.698     66  13019.396    13030.090    13335.912
198  TIM2+F+G4     6363.765     66  12859.530    12870.224    13176.047
199  TIM2+F+I+G4   6356.815     67  12847.629    12858.661    13168.941
200  TIM2+F+R2     6369.663     67  12873.325    12884.357    13194.637
201  TIM2+F+R3     6356.359     69  12850.718    12862.441    13181.622
202  TIM2+F+R4     6356.343     71  12854.687    12867.125    13195.182
209  TIM3e         7029.360     62  14182.720    14192.121    14480.054
210  TIM3e+I       6649.041     63  13424.081    13433.797    13726.211
211  TIM3e+G4      6607.760     63  13341.520    13351.235    13643.649
212  TIM3e+I+G4    6600.541     64  13329.083    13339.119    13636.008
213  TIM3e+R2      6615.739     64  13359.478    13369.514    13666.403
214  TIM3e+R3      6601.807     66  13335.614    13346.308    13652.131
215  TIM3e+R4      6601.746     68  13339.493    13350.867    13665.601
222  TIM3+F        6846.582     65  13823.165    13833.527    14134.886
223  TIM3+F+I      6444.628     66  13021.255    13031.949    13337.772
224  TIM3+F+G4     6361.842     66  12855.684    12866.378    13172.200
225  TIM3+F+I+G4   6354.953     67  12843.906    12854.937    13165.218
226  TIM3+F+R2     6366.701     67  12867.402    12878.433    13188.714
227  TIM3+F+R3     6354.360     69  12846.721    12858.444    13177.624
228  TIM3+F+R4     6354.343     71  12850.687    12863.125    13191.182
235  TVMe          7005.806     63  14137.612    14147.328    14439.742
236  TVMe+I        6664.463     64  13456.927    13466.963    13763.852
237  TVMe+G4       6597.535     64  13323.069    13333.106    13629.995
238  TVMe+I+G4     6598.393     65  13326.785    13337.147    13638.506
239  TVMe+R2       6610.937     65  13351.873    13362.236    13663.594
240  TVMe+R3       6597.163     67  13328.327    13339.358    13649.639
241  TVMe+R4       6597.152     69  13332.304    13344.027    13663.208
248  TVM+F         6843.391     66  13818.783    13829.477    14135.299
249  TVM+F+I       6442.363     67  13018.727    13029.758    13340.039
250  TVM+F+G4      6364.656     67  12863.311    12874.343    13184.624
251  TVM+F+I+G4    6356.387     68  12848.775    12860.149    13174.883
252  TVM+F+R2      6372.376     68  12880.751    12892.126    13206.859
253  TVM+F+R3      6356.509     70  12853.019    12865.097    13188.718
254  TVM+F+R4      6356.246     72  12856.492    12869.295    13201.782
261  SYM           6986.016     64  14100.033    14110.069    14406.958
262  SYM+I         6619.197     65  13368.394    13378.756    13680.115
263  SYM+G4        6578.959     65  13287.919    13298.281    13599.640
264  SYM+I+G4      6572.697     66  13277.394    13288.088    13593.911
265  SYM+R2        6587.654     66  13307.309    13318.003    13623.826
266  SYM+R3        6574.106     68  13284.212    13295.586    13610.320
267  SYM+R4        6573.924     70  13287.849    13299.927    13623.548
274  GTR+F         6842.005     67  13818.010    13829.041    14139.322
275  GTR+F+I       6442.400     68  13020.801    13032.175    13346.909
276  GTR+F+G4      6359.830     68  12855.661    12867.035    13181.769
277  GTR+F+I+G4    6353.173     69  12844.347    12856.070    13175.250
278  GTR+F+R2      6367.154     69  12872.309    12884.032    13203.213
279  GTR+F+R3      6352.865     71  12847.730    12860.168    13188.225
280  GTR+F+R4      6352.749     73  12851.498    12864.673    13201.584
Akaike Information Criterion:           TIM3+F+I+G4
Corrected Akaike Information Criterion: TIM3+F+I+G4
Bayesian Information Criterion:         HKY+F+I+G4
Best-fit model: HKY+F+I+G4 chosen according to BIC

All model information printed to nad2_cat.fasta.mafftaligned.fasta.model.gz
CPU time for ModelFinder: 13.600 seconds (0h:0m:13s)
Wall-clock time for ModelFinder: 13.856 seconds (0h:0m:13s)
Generating 1000 samples for ultrafast bootstrap (seed: 350799)...

NOTE: 3 MB RAM (0 GB) is required!
Estimate model parameters (epsilon = 0.100)
Thoroughly optimizing +I+G parameters from 10 start values...
Init pinv, alpha: 0.000, 1.000 / Estimate: 0.000, 0.306 / LogL: -6369.359
Init pinv, alpha: 0.050, 1.000 / Estimate: 0.053, 0.346 / LogL: -6368.890
Init pinv, alpha: 0.100, 1.000 / Estimate: 0.110, 0.394 / LogL: -6367.866
Init pinv, alpha: 0.151, 1.000 / Estimate: 0.343, 0.863 / LogL: -6360.770
Init pinv, alpha: 0.201, 1.000 / Estimate: 0.342, 0.858 / LogL: -6360.790
Init pinv, alpha: 0.251, 1.000 / Estimate: 0.344, 0.868 / LogL: -6360.752
Init pinv, alpha: 0.301, 1.000 / Estimate: 0.343, 0.867 / LogL: -6360.759
Init pinv, alpha: 0.351, 1.000 / Estimate: 0.355, 0.922 / LogL: -6360.643
Init pinv, alpha: 0.402, 1.000 / Estimate: 0.366, 0.972 / LogL: -6360.680
Init pinv, alpha: 0.452, 1.000 / Estimate: 0.366, 0.974 / LogL: -6360.687
Optimal pinv,alpha: 0.355, 0.922 / LogL: -6360.643

Parameters optimization took 1.530 sec
Computing ML distances based on estimated model parameters... 0.008 sec
Computing BIONJ tree...
0.001 seconds
Log-likelihood of BIONJ tree: -6360.781
--------------------------------------------------------------------
|             INITIALIZING CANDIDATE TREE SET                      |
--------------------------------------------------------------------
Generating 98 parsimony trees... 0.250 second
Computing log-likelihood of 98 initial trees ... 0.692 seconds
Current best score: -6360.643

Do NNI search on 20 best initial trees
Estimate model parameters (epsilon = 0.100)
BETTER TREE FOUND at iteration 1: -6360.636
Iteration 10 / LogL: -6360.648 / Time: 0h:0m:3s
Iteration 20 / LogL: -6360.663 / Time: 0h:0m:3s
Finish initializing candidate tree set (9)
Current best tree score: -6360.636 / CPU time: 2.164
Number of iterations: 20
--------------------------------------------------------------------
|               OPTIMIZING CANDIDATE TREE SET                      |
--------------------------------------------------------------------
Iteration 30 / LogL: -6364.920 / Time: 0h:0m:4s (0h:0m:11s left)
Iteration 40 / LogL: -6362.297 / Time: 0h:0m:5s (0h:0m:8s left)
Iteration 50 / LogL: -6361.057 / Time: 0h:0m:6s (0h:0m:6s left)
Log-likelihood cutoff on original alignment: -6379.953
Iteration 60 / LogL: -6361.569 / Time: 0h:0m:7s (0h:0m:5s left)
Iteration 70 / LogL: -6360.717 / Time: 0h:0m:8s (0h:0m:3s left)
Iteration 80 / LogL: -6360.821 / Time: 0h:0m:10s (0h:0m:2s left)
Iteration 90 / LogL: -6360.733 / Time: 0h:0m:11s (0h:0m:1s left)
Iteration 100 / LogL: -6360.667 / Time: 0h:0m:12s (0h:0m:0s left)
Log-likelihood cutoff on original alignment: -6379.953
NOTE: Bootstrap correlation coefficient of split occurrence frequencies: 0.994
TREE SEARCH COMPLETED AFTER 102 ITERATIONS / Time: 0h:0m:12s

--------------------------------------------------------------------
|                    FINALIZING TREE SEARCH                        |
--------------------------------------------------------------------
Performs final model parameters optimization
Estimate model parameters (epsilon = 0.010)
1. Initial log-likelihood: -6360.636
Optimal log-likelihood: -6360.635
Rate parameters:  A-C: 1.00000  A-G: 13.70763  A-T: 1.00000  C-G: 1.00000  C-T: 13.70763  G-T: 1.00000
Base frequencies:  A: 0.372  C: 0.202  G: 0.105  T: 0.321
Proportion of invariable sites: 0.356
Gamma shape alpha: 0.925
Parameters optimization took 1 rounds (0.011 sec)
BEST SCORE FOUND : -6360.635
Creating bootstrap support values...
Split supports printed to NEXUS file nad2_cat.fasta.mafftaligned.fasta.splits.nex
Total tree length: 4.928

Total number of iterations: 102
CPU time used for tree search: 10.411 sec (0h:0m:10s)
Wall-clock time used for tree search: 10.773 sec (0h:0m:10s)
Total CPU time used: 12.051 sec (0h:0m:12s)
Total wall-clock time used: 12.453 sec (0h:0m:12s)

Computing bootstrap consensus tree...
Reading input file nad2_cat.fasta.mafftaligned.fasta.splits.nex...
31 taxa and 233 splits.
Consensus tree written to nad2_cat.fasta.mafftaligned.fasta.contree
Reading input trees file nad2_cat.fasta.mafftaligned.fasta.contree
Log-likelihood of consensus tree: -6360.639

Analysis results written to: 
  IQ-TREE report:                nad2_cat.fasta.mafftaligned.fasta.iqtree
  Maximum-likelihood tree:       nad2_cat.fasta.mafftaligned.fasta.treefile
  Likelihood distances:          nad2_cat.fasta.mafftaligned.fasta.mldist

Ultrafast bootstrap approximation results written to:
  Split support values:          nad2_cat.fasta.mafftaligned.fasta.splits.nex
  Consensus tree:                nad2_cat.fasta.mafftaligned.fasta.contree
  Screen log file:               nad2_cat.fasta.mafftaligned.fasta.log

Date and Time: Mon Nov 15 14:44:31 2021
