IQ-TREE multicore version 1.6.12 for Linux 64-bit built Mar 23 2020
Developed by Bui Quang Minh, Nguyen Lam Tung, Olga Chernomor,
Heiko Schmidt, Dominik Schrempf, Michael Woodhams.

Host:    a-state-phylogenetics (AVX2, FMA3, 15 GB RAM)
Command: iqtree -s nad3_cat.fasta.mafftaligned.fasta -m MFP -bb 1000
Seed:    767340 (Using SPRNG - Scalable Parallel Random Number Generator)
Time:    Mon Nov 15 14:44:31 2021
Kernel:  AVX+FMA - 1 threads (6 CPU cores detected)

HINT: Use -nt option to specify number of threads because your CPU has 6 cores!
HINT: -nt AUTO will automatically determine the best number of threads to use.

Reading alignment file nad3_cat.fasta.mafftaligned.fasta ... Fasta format detected
Alignment most likely contains DNA/RNA sequences
WARNING: 3 sites contain only gaps or ambiguous characters.
Alignment has 32 sequences with 312 columns, 151 distinct patterns
122 parsimony-informative, 46 singleton sites, 144 constant sites
                                    Gap/Ambiguity  Composition  p-value
   1  BBWA_971_A_CCTATACC-GCTCTGTA          1.92%    passed     57.71%
   2  CONW_930_R_ATCGTCTC-GTCCTTCT          0.96%    passed     95.05%
   3  OVEN_614_P_CTTCCTTC-ACCTGGAA          0.96%    passed     87.22%
   4  CMWA_952_R_CTAAGACC-CTGTTAGG          0.96%    passed     92.15%
   5  NOPA_676_R_AACCGAAC-CGAGTATG          1.92%    passed     81.45%
   6  PRAW_770_P_AAGTCCTC-TGGTAGCT          1.92%    passed     66.74%
   7  PIWA_948_R_ATAACGCC-TTGGTGAG          0.96%    passed     95.05%
   8  CAWA_366_A_CCGGAATA-CCTACTGA_dd       0.96%    passed     96.18%
   9  YEWA_941_P_Pr_CTATCCAC-TGTGCGTT       1.92%    passed     50.93%
  10  NOWA_315_A_CGTCCATT-AGGAGGAA          0.96%    passed     96.78%
  11  BLBW_861_R_AACGCCTT-TTCTCTCG          0.96%    passed     93.35%
  12  YEWA_941_P_Tr_ACGCTTCT-GACTTAGG       4.81%    passed     13.85%
  13  COYE_868_R_CCAACACT-AGTTCGTC          0.96%    passed     97.01%
  14  AMRE_967_R_ACGGACTT-TCTCCGAT          0.96%    passed     92.15%
  15  CSWA_939_R_TCCATTGC-TCCTACCT          0.96%    passed     92.15%
  16  BTNW_492_R_AAGGACCA-GTGTTCCT          0.96%    passed     92.15%
  17  MOWA_611_R_HC7TNCCX2_subsampled_dd    0.96%    passed     95.05%
  18  YTWA_970_R_GAACCTTC-GTACCTTG          1.92%    passed     86.16%
  19  LOWA_438_A_AACTTGCC-GAAGTTGG          0.96%    passed     98.34%
  20  SWWA_980_R_TACATCGG-TGATCGGA          0.96%    passed     85.80%
  21  PROW_974_R_CGCTACAT-CGTAGGTT          0.96%    passed     99.98%
  22  CERW_358_A_TCTTCGAC-GAGCAGTA          0.96%    passed     92.15%
  23  BTNW_765_P_CCAAGTAG-TCACGTTC          1.92%    passed     78.42%
  24  BWWA_412_R_GTACACCT-TTGGTCTC          0.96%    passed     85.88%
  25  BTBW_850_R_AGGTTCCT-AGGTTCGA          0.96%    passed     92.15%
  26  WEWA_727_R_ACCATCCT-GTTCATGG          0.96%    passed     77.62%
  27  MAWA_362_A_CCTTAGGT-TTGAGGCA          0.96%    passed     97.08%
  28  BAWW_968_P_CGACCTAA-CAGGTTAG          0.96%    passed     99.40%
  29  GWWA_928_R_ACGAGAAC-CGAACTGT          0.96%    passed     92.15%
  30  NAWA_328_A_CCACAACA-CTTGGATG          0.96%    passed     87.22%
  31  KEWA_584_R_TCTAGGAG-CGTTGCAA          0.96%    passed     87.22%
  32  Proctophyllodes_miliariae             0.96%    failed      3.90%
****  TOTAL                                 1.26%  1 sequences failed composition chi2 test (p-value<5%; df=3)
NOTE: PIWA_948_R_ATAACGCC-TTGGTGAG is identical to CONW_930_R_ATCGTCTC-GTCCTTCT but kept for subsequent analysis
NOTE: NAWA_328_A_CCACAACA-CTTGGATG is identical to OVEN_614_P_CTTCCTTC-ACCTGGAA but kept for subsequent analysis
NOTE: AMRE_967_R_ACGGACTT-TCTCCGAT is identical to CMWA_952_R_CTAAGACC-CTGTTAGG but kept for subsequent analysis
NOTE: 7 identical sequences (see below) will be ignored for subsequent analysis
NOTE: MOWA_611_R_HC7TNCCX2_subsampled_dd (identical to CONW_930_R_ATCGTCTC-GTCCTTCT) is ignored but added at the end
NOTE: KEWA_584_R_TCTAGGAG-CGTTGCAA (identical to OVEN_614_P_CTTCCTTC-ACCTGGAA) is ignored but added at the end
NOTE: CSWA_939_R_TCCATTGC-TCCTACCT (identical to CMWA_952_R_CTAAGACC-CTGTTAGG) is ignored but added at the end
NOTE: BTNW_492_R_AAGGACCA-GTGTTCCT (identical to CMWA_952_R_CTAAGACC-CTGTTAGG) is ignored but added at the end
NOTE: CERW_358_A_TCTTCGAC-GAGCAGTA (identical to CMWA_952_R_CTAAGACC-CTGTTAGG) is ignored but added at the end
NOTE: BTBW_850_R_AGGTTCCT-AGGTTCGA (identical to CMWA_952_R_CTAAGACC-CTGTTAGG) is ignored but added at the end
NOTE: GWWA_928_R_ACGAGAAC-CGAACTGT (identical to CMWA_952_R_CTAAGACC-CTGTTAGG) is ignored but added at the end

For your convenience alignment with unique sequences printed to nad3_cat.fasta.mafftaligned.fasta.uniqueseq.phy


Create initial parsimony tree by phylogenetic likelihood library (PLL)... 0.002 seconds
NOTE: ModelFinder requires 1 MB RAM!
ModelFinder will test 286 DNA models (sample size: 312) ...
 No. Model         -LnL         df  AIC          AICc         BIC
  1  JC            2258.342     47  4610.684     4627.775     4786.605
  2  JC+I          2184.495     48  4464.990     4482.876     4644.654
  3  JC+G4         2168.842     48  4433.684     4451.570     4613.348
  4  JC+I+G4       2168.840     49  4435.681     4454.383     4619.088
  5  JC+R2         2170.340     49  4438.681     4457.383     4622.088
  6  JC+R3         2169.412     51  4440.823     4461.223     4631.716
 14  F81+F         2217.172     50  4534.344     4553.884     4721.494
 15  F81+F+I       2148.223     51  4398.447     4418.847     4589.340
 16  F81+F+G4      2113.872     51  4329.744     4350.144     4520.637
 17  F81+F+I+G4    2115.593     52  4335.185     4356.467     4529.822
 18  F81+F+R2      2115.430     52  4334.861     4356.143     4529.497
 19  F81+F+R3      2113.937     54  4335.873     4358.986     4537.996
 27  K2P           2173.971     48  4443.942     4461.828     4623.607
 28  K2P+I         2089.840     49  4277.679     4296.381     4461.086
 29  K2P+G4        2066.684     49  4231.369     4250.071     4414.776
 30  K2P+I+G4      2066.609     50  4233.219     4252.759     4420.369
 31  K2P+R2        2069.499     50  4238.998     4258.539     4426.149
 32  K2P+R3        2067.654     52  4239.308     4260.590     4433.944
 40  HKY+F         2078.149     51  4258.298     4278.698     4449.191
 41  HKY+F+I       1990.651     52  4085.302     4106.583     4279.938
 42  HKY+F+G4      1937.506     52  3979.013     4000.295     4173.649
 43  HKY+F+I+G4    1937.169     53  3980.339     4002.525     4178.718
 44  HKY+F+R2      1947.947     53  4001.895     4024.081     4200.274
 45  HKY+F+R3      1944.708     55  3999.415     4023.478     4205.280
 53  TNe           2158.524     49  4415.047     4433.749     4598.454
 54  TNe+I         2085.647     50  4271.294     4290.834     4458.444
 55  TNe+G4        2061.417     50  4222.834     4242.374     4409.984
 56  TNe+I+G4      2061.947     51  4225.893     4246.293     4416.786
 57  TNe+R2        2061.987     51  4225.974     4246.374     4416.867
 58  TNe+R3        2061.238     53  4228.476     4250.662     4426.855
 66  TN+F          2073.456     52  4250.913     4272.194     4445.549
 67  TN+F+I        1990.261     53  4086.522     4108.708     4284.901
 68  TN+F+G4       1937.530     53  3981.060     4003.246     4179.439
 69  TN+F+I+G4     1936.956     54  3981.913     4005.025     4184.035
 70  TN+F+R2       1946.509     54  4001.018     4024.131     4203.140
 71  TN+F+R3       1944.134     56  4000.268     4025.303     4209.876
 79  K3P           2173.857     49  4445.714     4464.416     4629.121
 80  K3P+I         2089.775     50  4279.550     4299.090     4466.700
 81  K3P+G4        2066.640     50  4233.281     4252.821     4420.431
 82  K3P+I+G4      2066.507     51  4235.013     4255.413     4425.906
 83  K3P+R2        2069.339     51  4240.679     4261.079     4431.572
 84  K3P+R3        2067.575     53  4241.151     4263.337     4439.530
 92  K3Pu+F        2077.879     52  4259.758     4281.040     4454.394
 93  K3Pu+F+I      1990.484     53  4086.968     4109.154     4285.347
 94  K3Pu+F+G4     1936.379     53  3978.759     4000.945     4177.138
 95  K3Pu+F+I+G4   1936.108     54  3980.215     4003.328     4182.337
 96  K3Pu+F+R2     1946.311     54  4000.621     4023.734     4202.744
 97  K3Pu+F+R3     1943.205     56  3998.410     4023.446     4208.019
105  TPM2+F        2078.020     52  4260.041     4281.323     4454.677
106  TPM2+F+I      1990.421     53  4086.841     4109.027     4285.220
107  TPM2+F+G4     1937.437     53  3980.873     4003.059     4179.253
108  TPM2+F+I+G4   1937.057     54  3982.114     4005.227     4184.236
109  TPM2+F+R2     1947.332     54  4002.664     4025.776     4204.786
110  TPM2+F+R3     1944.533     56  4001.066     4026.101     4210.674
118  TPM2u+F       2078.021     52  4260.041     4281.323     4454.678
119  TPM2u+F+I     1990.421     53  4086.842     4109.028     4285.221
120  TPM2u+F+G4    1937.437     53  3980.873     4003.059     4179.252
121  TPM2u+F+I+G4  1937.057     54  3982.114     4005.227     4184.236
122  TPM2u+F+R2    1947.304     54  4002.608     4025.721     4204.730
123  TPM2u+F+R3    1944.520     56  4001.040     4026.075     4210.648
131  TPM3+F        2078.122     52  4260.244     4281.526     4454.880
132  TPM3+F+I      1990.584     53  4087.168     4109.354     4285.548
133  TPM3+F+G4     1935.732     53  3977.465     3999.651     4175.844
134  TPM3+F+I+G4   1935.096     54  3978.192     4001.304     4180.314
135  TPM3+F+R2     1945.329     54  3998.658     4021.771     4200.780
136  TPM3+F+R3     1942.528     56  3997.055     4022.090     4206.663
144  TPM3u+F       2078.122     52  4260.245     4281.527     4454.881
145  TPM3u+F+I     1990.585     53  4087.169     4109.355     4285.548
146  TPM3u+F+G4    1935.703     53  3977.406     3999.592     4175.786
147  TPM3u+F+I+G4  1935.092     54  3978.185     4001.298     4180.307
148  TPM3u+F+R2    1945.129     54  3998.257     4021.370     4200.379
149  TPM3u+F+R3    1942.522     56  3997.043     4022.079     4206.651
157  TIMe          2158.407     50  4416.814     4436.355     4603.965
158  TIMe+I        2085.568     51  4273.136     4293.536     4464.029
159  TIMe+G4       2061.411     51  4224.821     4245.221     4415.715
160  TIMe+I+G4     2061.785     52  4227.571     4248.852     4422.207
161  TIMe+R2       2061.978     52  4227.957     4249.239     4422.593
162  TIMe+R3       2061.303     54  4230.606     4253.719     4432.728
170  TIM+F         2073.161     53  4252.323     4274.509     4450.702
171  TIM+F+I       1990.074     54  4088.148     4111.261     4290.271
172  TIM+F+G4      1936.403     54  3980.807     4003.919     4182.929
173  TIM+F+I+G4    1935.961     55  3981.923     4005.985     4187.788
174  TIM+F+R2      1944.963     55  3999.926     4023.989     4205.791
175  TIM+F+R3      1943.195     57  4000.389     4026.421     4213.741
183  TIM2e         2157.109     50  4414.217     4433.757     4601.367
184  TIM2e+I       2084.245     51  4270.490     4290.890     4461.383
185  TIM2e+G4      2060.456     51  4222.912     4243.312     4413.805
186  TIM2e+I+G4    2060.772     52  4225.543     4246.825     4420.179
187  TIM2e+R2      2061.203     52  4226.406     4247.688     4421.042
188  TIM2e+R3      2060.621     54  4229.241     4252.354     4431.363
196  TIM2+F        2073.322     53  4252.644     4274.830     4451.023
197  TIM2+F+I      1990.021     54  4088.043     4111.155     4290.165
198  TIM2+F+G4     1937.453     54  3982.907     4006.019     4185.029
199  TIM2+F+I+G4   1936.912     55  3983.824     4007.887     4189.690
200  TIM2+F+R2     1946.493     55  4002.985     4027.048     4208.850
201  TIM2+F+R3     1945.061     57  4004.122     4030.153     4217.473
209  TIM3e         2154.250     50  4408.501     4428.041     4595.651
210  TIM3e+I       2078.738     51  4259.476     4279.876     4450.369
211  TIM3e+G4      2057.205     51  4216.409     4236.809     4407.303
212  TIM3e+I+G4    2057.436     52  4218.873     4240.155     4413.509
213  TIM3e+R2      2058.281     52  4220.562     4241.844     4415.199
214  TIM3e+R3      2057.783     54  4223.565     4246.678     4425.688
222  TIM3+F        2073.424     53  4252.848     4275.034     4451.227
223  TIM3+F+I      1990.209     54  4088.419     4111.532     4290.541
224  TIM3+F+G4     1935.353     54  3978.707     4001.820     4180.829
225  TIM3+F+I+G4   1934.461     55  3978.921     4002.984     4184.786
226  TIM3+F+R2     1944.724     55  3999.448     4023.510     4205.313
227  TIM3+F+R3     1943.699     57  4001.397     4027.429     4214.748
235  TVMe          2167.290     51  4436.579     4456.979     4627.472
236  TVMe+I        2079.594     52  4263.187     4284.469     4457.824
237  TVMe+G4       2059.428     52  4222.856     4244.138     4417.493
238  TVMe+I+G4     2059.086     53  4224.172     4246.358     4422.551
239  TVMe+R2       2062.666     53  4231.332     4253.519     4429.712
240  TVMe+R3       2061.929     55  4233.857     4257.920     4439.722
248  TVM+F         2076.193     54  4260.385     4283.498     4462.507
249  TVM+F+I       1988.344     55  4086.689     4110.751     4292.554
250  TVM+F+G4      1933.467     55  3976.935     4000.997     4182.800
251  TVM+F+I+G4    1932.971     56  3977.941     4002.977     4187.550
252  TVM+F+R2      1943.884     56  3999.769     4024.804     4209.377
253  TVM+F+R3      1943.012     58  4002.025     4029.076     4219.119
261  SYM           2151.348     52  4406.696     4427.978     4601.332
262  SYM+I         2075.233     53  4256.467     4278.653     4454.846
263  SYM+G4        2054.715     53  4215.430     4237.616     4413.809
264  SYM+I+G4      2054.803     54  4217.606     4240.719     4419.728
265  SYM+R2        2056.318     54  4220.635     4243.748     4422.757
266  SYM+R3        2055.819     56  4223.637     4248.672     4433.245
274  GTR+F         2071.465     55  4252.929     4276.992     4458.794
275  GTR+F+I       1988.021     56  4088.042     4113.077     4297.650
276  GTR+F+G4      1933.144     56  3978.289     4003.324     4187.897
277  GTR+F+I+G4    1932.511     57  3979.021     4005.053     4192.372
278  GTR+F+R2      1943.028     57  4000.055     4026.087     4213.407
279  GTR+F+R3      1942.474     59  4002.948     4031.043     4223.785
Akaike Information Criterion:           TVM+F+G4
Corrected Akaike Information Criterion: TPM3u+F+G4
Bayesian Information Criterion:         HKY+F+G4
Best-fit model: HKY+F+G4 chosen according to BIC

All model information printed to nad3_cat.fasta.mafftaligned.fasta.model.gz
CPU time for ModelFinder: 3.036 seconds (0h:0m:3s)
Wall-clock time for ModelFinder: 3.145 seconds (0h:0m:3s)
Generating 1000 samples for ultrafast bootstrap (seed: 767340)...

NOTE: 1 MB RAM (0 GB) is required!
Estimate model parameters (epsilon = 0.100)
1. Initial log-likelihood: -2208.484
2. Current log-likelihood: -2058.707
3. Current log-likelihood: -1945.223
4. Current log-likelihood: -1939.351
5. Current log-likelihood: -1938.069
6. Current log-likelihood: -1937.716
7. Current log-likelihood: -1937.604
Optimal log-likelihood: -1937.515
Rate parameters:  A-C: 1.00000  A-G: 15.87667  A-T: 1.00000  C-G: 1.00000  C-T: 15.87667  G-T: 1.00000
Base frequencies:  A: 0.172  C: 0.104  G: 0.224  T: 0.500
Gamma shape alpha: 0.250
Parameters optimization took 7 rounds (0.055 sec)
Computing ML distances based on estimated model parameters... 0.005 sec
Computing BIONJ tree...
0.001 seconds
Log-likelihood of BIONJ tree: -1935.645
--------------------------------------------------------------------
|             INITIALIZING CANDIDATE TREE SET                      |
--------------------------------------------------------------------
Generating 98 parsimony trees... 0.132 second
Computing log-likelihood of 98 initial trees ... 0.268 seconds
Current best score: -1935.645

Do NNI search on 20 best initial trees
Estimate model parameters (epsilon = 0.100)
BETTER TREE FOUND at iteration 1: -1933.654
Iteration 10 / LogL: -1934.348 / Time: 0h:0m:0s
Iteration 20 / LogL: -1934.348 / Time: 0h:0m:1s
Finish initializing candidate tree set (5)
Current best tree score: -1933.654 / CPU time: 1.148
Number of iterations: 20
--------------------------------------------------------------------
|               OPTIMIZING CANDIDATE TREE SET                      |
--------------------------------------------------------------------
BETTER TREE FOUND at iteration 21: -1933.652
UPDATE BEST LOG-LIKELIHOOD: -1933.652
UPDATE BEST LOG-LIKELIHOOD: -1933.651
BETTER TREE FOUND at iteration 30: -1933.642
Iteration 30 / LogL: -1933.642 / Time: 0h:0m:1s (0h:0m:6s left)
UPDATE BEST LOG-LIKELIHOOD: -1933.642
Iteration 40 / LogL: -1933.642 / Time: 0h:0m:2s (0h:0m:5s left)
Estimate model parameters (epsilon = 0.100)
BETTER TREE FOUND at iteration 44: -1933.401
BETTER TREE FOUND at iteration 46: -1933.401
UPDATE BEST LOG-LIKELIHOOD: -1933.401
Iteration 50 / LogL: -1934.332 / Time: 0h:0m:2s (0h:0m:5s left)
Log-likelihood cutoff on original alignment: -1949.035
UPDATE BEST LOG-LIKELIHOOD: -1933.401
Iteration 60 / LogL: -1933.412 / Time: 0h:0m:3s (0h:0m:4s left)
UPDATE BEST LOG-LIKELIHOOD: -1933.401
Iteration 70 / LogL: -1933.401 / Time: 0h:0m:3s (0h:0m:4s left)
Estimate model parameters (epsilon = 0.100)
BETTER TREE FOUND at iteration 74: -1933.367
Iteration 80 / LogL: -1933.401 / Time: 0h:0m:4s (0h:0m:5s left)
Iteration 90 / LogL: -1933.400 / Time: 0h:0m:4s (0h:0m:4s left)
BETTER TREE FOUND at iteration 94: -1933.363
Iteration 100 / LogL: -1934.101 / Time: 0h:0m:5s (0h:0m:5s left)
Log-likelihood cutoff on original alignment: -1949.632
NOTE: Bootstrap correlation coefficient of split occurrence frequencies: 0.984
NOTE: UFBoot does not converge, continue at least 100 more iterations
Iteration 110 / LogL: -1933.401 / Time: 0h:0m:5s (0h:0m:4s left)
Iteration 120 / LogL: -1933.366 / Time: 0h:0m:6s (0h:0m:4s left)
UPDATE BEST LOG-LIKELIHOOD: -1933.361
Iteration 130 / LogL: -1933.381 / Time: 0h:0m:7s (0h:0m:3s left)
Iteration 140 / LogL: -1933.383 / Time: 0h:0m:7s (0h:0m:3s left)
Iteration 150 / LogL: -1933.397 / Time: 0h:0m:8s (0h:0m:2s left)
Log-likelihood cutoff on original alignment: -1950.795
Iteration 160 / LogL: -1933.364 / Time: 0h:0m:8s (0h:0m:2s left)
Iteration 170 / LogL: -1933.368 / Time: 0h:0m:9s (0h:0m:1s left)
Iteration 180 / LogL: -1933.363 / Time: 0h:0m:9s (0h:0m:1s left)
Iteration 190 / LogL: -1933.400 / Time: 0h:0m:10s (0h:0m:0s left)
UPDATE BEST LOG-LIKELIHOOD: -1933.361
Iteration 200 / LogL: -1933.361 / Time: 0h:0m:10s (0h:0m:0s left)
Log-likelihood cutoff on original alignment: -1950.795
NOTE: Bootstrap correlation coefficient of split occurrence frequencies: 0.992
TREE SEARCH COMPLETED AFTER 200 ITERATIONS / Time: 0h:0m:11s

--------------------------------------------------------------------
|                    FINALIZING TREE SEARCH                        |
--------------------------------------------------------------------
Performs final model parameters optimization
Estimate model parameters (epsilon = 0.010)
1. Initial log-likelihood: -1933.361
Optimal log-likelihood: -1933.355
Rate parameters:  A-C: 1.00000  A-G: 15.93035  A-T: 1.00000  C-G: 1.00000  C-T: 15.93035  G-T: 1.00000
Base frequencies:  A: 0.172  C: 0.104  G: 0.224  T: 0.500
Gamma shape alpha: 0.252
Parameters optimization took 1 rounds (0.004 sec)
BEST SCORE FOUND : -1933.355
Creating bootstrap support values...
Split supports printed to NEXUS file nad3_cat.fasta.mafftaligned.fasta.splits.nex
Total tree length: 9.151

Total number of iterations: 200
CPU time used for tree search: 10.321 sec (0h:0m:10s)
Wall-clock time used for tree search: 10.943 sec (0h:0m:10s)
Total CPU time used: 10.459 sec (0h:0m:10s)
Total wall-clock time used: 11.085 sec (0h:0m:11s)

Computing bootstrap consensus tree...
Reading input file nad3_cat.fasta.mafftaligned.fasta.splits.nex...
25 taxa and 338 splits.
Consensus tree written to nad3_cat.fasta.mafftaligned.fasta.contree
Reading input trees file nad3_cat.fasta.mafftaligned.fasta.contree
Log-likelihood of consensus tree: -1933.771

Analysis results written to: 
  IQ-TREE report:                nad3_cat.fasta.mafftaligned.fasta.iqtree
  Maximum-likelihood tree:       nad3_cat.fasta.mafftaligned.fasta.treefile
  Likelihood distances:          nad3_cat.fasta.mafftaligned.fasta.mldist

Ultrafast bootstrap approximation results written to:
  Split support values:          nad3_cat.fasta.mafftaligned.fasta.splits.nex
  Consensus tree:                nad3_cat.fasta.mafftaligned.fasta.contree
  Screen log file:               nad3_cat.fasta.mafftaligned.fasta.log

Date and Time: Mon Nov 15 14:44:46 2021
