IQ-TREE multicore version 1.6.12 for Linux 64-bit built Mar 23 2020
Developed by Bui Quang Minh, Nguyen Lam Tung, Olga Chernomor,
Heiko Schmidt, Dominik Schrempf, Michael Woodhams.

Host:    a-state-phylogenetics (AVX2, FMA3, 15 GB RAM)
Command: iqtree -s nad4_cat.fasta.mafftaligned.fasta -m MFP -bb 1000
Seed:    78948 (Using SPRNG - Scalable Parallel Random Number Generator)
Time:    Mon Nov 15 14:44:46 2021
Kernel:  AVX+FMA - 1 threads (6 CPU cores detected)

HINT: Use -nt option to specify number of threads because your CPU has 6 cores!
HINT: -nt AUTO will automatically determine the best number of threads to use.

Reading alignment file nad4_cat.fasta.mafftaligned.fasta ... Fasta format detected
Alignment most likely contains DNA/RNA sequences
Alignment has 32 sequences with 957 columns, 395 distinct patterns
371 parsimony-informative, 113 singleton sites, 473 constant sites
                                    Gap/Ambiguity  Composition  p-value
   1  BBWA_971_A_CCTATACC-GCTCTGTA          0.94%    passed     73.62%
   2  CONW_930_R_ATCGTCTC-GTCCTTCT          0.94%    passed     96.13%
   3  OVEN_614_P_CTTCCTTC-ACCTGGAA          0.94%    passed     54.56%
   4  CMWA_952_R_CTAAGACC-CTGTTAGG          0.94%    passed     82.74%
   5  NOPA_676_R_AACCGAAC-CGAGTATG          1.88%    passed     42.86%
   6  PRAW_770_P_AAGTCCTC-TGGTAGCT          1.88%    passed     99.37%
   7  PIWA_948_R_ATAACGCC-TTGGTGAG          0.94%    passed     97.67%
   8  CAWA_366_A_CCGGAATA-CCTACTGA_dd       0.94%    passed     86.75%
   9  YEWA_941_P_Pr_CTATCCAC-TGTGCGTT       1.25%    passed     31.53%
  10  NOWA_315_A_CGTCCATT-AGGAGGAA          1.88%    passed     74.02%
  11  BLBW_861_R_AACGCCTT-TTCTCTCG          0.94%    passed     83.31%
  12  YEWA_941_P_Tr_ACGCTTCT-GACTTAGG       1.25%    passed      6.59%
  13  COYE_868_R_CCAACACT-AGTTCGTC          0.94%    passed     95.16%
  14  AMRE_967_R_ACGGACTT-TCTCCGAT          0.94%    passed     78.71%
  15  CSWA_939_R_TCCATTGC-TCCTACCT          0.94%    passed     82.74%
  16  BTNW_492_R_AAGGACCA-GTGTTCCT          0.94%    passed     67.55%
  17  MOWA_611_R_HC7TNCCX2_subsampled_dd    0.94%    passed     98.65%
  18  YTWA_970_R_GAACCTTC-GTACCTTG          1.88%    passed     99.81%
  19  LOWA_438_A_AACTTGCC-GAAGTTGG          1.88%    passed     67.96%
  20  SWWA_980_R_TACATCGG-TGATCGGA          0.94%    passed     41.84%
  21  PROW_974_R_CGCTACAT-CGTAGGTT          1.88%    passed     52.72%
  22  CERW_358_A_TCTTCGAC-GAGCAGTA          0.94%    passed     82.74%
  23  BTNW_765_P_CCAAGTAG-TCACGTTC          1.88%    passed     39.85%
  24  BWWA_412_R_GTACACCT-TTGGTCTC          0.94%    passed     70.79%
  25  BTBW_850_R_AGGTTCCT-AGGTTCGA          0.94%    passed     86.75%
  26  WEWA_727_R_ACCATCCT-GTTCATGG          0.94%    passed     46.61%
  27  MAWA_362_A_CCTTAGGT-TTGAGGCA          0.94%    passed     78.71%
  28  BAWW_968_P_CGACCTAA-CAGGTTAG          0.94%    passed     86.10%
  29  GWWA_928_R_ACGAGAAC-CGAACTGT          0.94%    passed     82.74%
  30  NAWA_328_A_CCACAACA-CTTGGATG          0.94%    passed     53.30%
  31  KEWA_584_R_TCTAGGAG-CGTTGCAA          0.94%    passed     59.10%
  32  Proctophyllodes_miliariae             1.25%    passed     26.74%
****  TOTAL                                 1.18%  0 sequences failed composition chi2 test (p-value<5%; df=3)
NOTE: CSWA_939_R_TCCATTGC-TCCTACCT is identical to CMWA_952_R_CTAAGACC-CTGTTAGG but kept for subsequent analysis
NOTE: 2 identical sequences (see below) will be ignored for subsequent analysis
NOTE: CERW_358_A_TCTTCGAC-GAGCAGTA (identical to CMWA_952_R_CTAAGACC-CTGTTAGG) is ignored but added at the end
NOTE: GWWA_928_R_ACGAGAAC-CGAACTGT (identical to CMWA_952_R_CTAAGACC-CTGTTAGG) is ignored but added at the end

For your convenience alignment with unique sequences printed to nad4_cat.fasta.mafftaligned.fasta.uniqueseq.phy


Create initial parsimony tree by phylogenetic likelihood library (PLL)... 0.002 seconds
NOTE: ModelFinder requires 5 MB RAM!
ModelFinder will test 286 DNA models (sample size: 957) ...
 No. Model         -LnL         df  AIC          AICc         BIC
  1  JC            7159.166     57  14432.331    14439.686    14709.568
  2  JC+I          6868.829     58  13853.657    13861.279    14135.758
  3  JC+G4         6851.955     58  13819.910    13827.531    14102.010
  4  JC+I+G4       6846.912     59  13811.823    13819.716    14098.788
  5  JC+R2         6862.705     59  13843.409    13851.302    14130.374
  6  JC+R3         6850.202     61  13822.405    13830.856    14119.097
  7  JC+R4         6848.227     63  13822.454    13831.484    14128.873
 14  F81+F         7042.755     60  14205.511    14213.681    14497.339
 15  F81+F+I       6727.473     61  13576.945    13585.397    13873.637
 16  F81+F+G4      6715.070     61  13552.140    13560.592    13848.832
 17  F81+F+I+G4    6704.350     62  13532.700    13541.438    13834.256
 18  F81+F+R2      6727.960     62  13579.919    13588.658    13881.475
 19  F81+F+R3      6714.170     64  13556.339    13565.666    13867.623
 20  F81+F+R4      6705.242     66  13542.484    13552.421    13863.495
 21  F81+F+R5      6704.805     68  13545.610    13556.177    13876.348
 27  K2P           6913.212     58  13942.425    13950.046    14224.526
 28  K2P+I         6592.423     59  13302.847    13310.740    13589.811
 29  K2P+G4        6556.323     59  13230.646    13238.539    13517.610
 30  K2P+I+G4      6552.256     60  13224.511    13232.681    13516.340
 31  K2P+R2        6567.580     60  13255.160    13263.329    13546.988
 32  K2P+R3        6554.311     62  13232.621    13241.360    13534.177
 33  K2P+R4        6552.604     64  13233.208    13242.536    13544.492
 40  HKY+F         6665.174     61  13452.347    13460.799    13749.039
 41  HKY+F+I       6221.911     62  12567.822    12576.560    12869.378
 42  HKY+F+G4      6172.088     62  12468.177    12476.915    12769.732
 43  HKY+F+I+G4    6149.334     63  12424.669    12433.699    12731.088
 44  HKY+F+R2      6210.845     63  12547.691    12556.721    12854.110
 45  HKY+F+R3      6173.562     65  12477.124    12486.754    12793.271
 46  HKY+F+R4      6165.735     67  12465.470    12475.720    12791.345
 47  HKY+F+R5      6165.630     69  12469.260    12480.151    12804.863
 53  TNe           6860.980     59  13839.959    13847.852    14126.924
 54  TNe+I         6551.130     60  13222.259    13230.429    13514.087
 55  TNe+G4        6530.625     60  13181.250    13189.419    13473.078
 56  TNe+I+G4      6522.550     61  13167.100    13175.551    13463.792
 57  TNe+R2        6534.165     61  13190.330    13198.781    13487.022
 58  TNe+R3        6525.523     63  13177.045    13186.076    13483.465
 59  TNe+R4        6524.413     65  13178.825    13188.455    13494.973
 66  TN+F          6630.755     62  13385.510    13394.248    13687.065
 67  TN+F+I        6216.209     63  12558.419    12567.449    12864.838
 68  TN+F+G4       6169.027     63  12464.055    12473.085    12770.474
 69  TN+F+I+G4     6147.449     64  12422.899    12432.226    12734.182
 70  TN+F+R2       6192.328     64  12512.656    12521.983    12823.939
 71  TN+F+R3       6164.945     66  12461.890    12471.827    12782.901
 72  TN+F+R4       6161.941     68  12459.881    12470.449    12790.620
 79  K3P           6910.694     59  13939.389    13947.282    14226.353
 80  K3P+I         6590.981     60  13301.961    13310.131    13593.790
 81  K3P+G4        6555.310     60  13230.621    13238.790    13522.449
 82  K3P+I+G4      6551.215     61  13224.431    13232.882    13521.123
 83  K3P+R2        6560.814     61  13243.628    13252.079    13540.320
 84  K3P+R3        6551.894     63  13229.788    13238.818    13536.207
 85  K3P+R4        6551.559     65  13233.119    13242.749    13549.266
 92  K3Pu+F        6662.929     62  13449.859    13458.597    13751.415
 93  K3Pu+F+I      6221.908     63  12569.816    12578.846    12876.236
 94  K3Pu+F+G4     6172.044     63  12470.087    12479.118    12776.507
 95  K3Pu+F+I+G4   6149.362     64  12426.724    12436.052    12738.008
 96  K3Pu+F+R2     6193.235     64  12514.469    12523.796    12825.753
 97  K3Pu+F+R3     6167.573     66  12467.145    12477.082    12788.156
 98  K3Pu+F+R4     6165.372     68  12466.743    12477.311    12797.482
105  TPM2+F        6665.000     62  13454.000    13462.738    13755.556
106  TPM2+F+I      6221.641     63  12569.283    12578.313    12875.702
107  TPM2+F+G4     6170.840     63  12467.680    12476.710    12774.099
108  TPM2+F+I+G4   6148.112     64  12424.224    12433.551    12735.507
109  TPM2+F+R2     6188.902     64  12505.804    12515.131    12817.087
110  TPM2+F+R3     6164.875     66  12461.749    12471.686    12782.760
111  TPM2+F+R4     6164.339     68  12464.678    12475.246    12795.417
118  TPM2u+F       6664.995     62  13453.990    13462.728    13755.546
119  TPM2u+F+I     6221.636     63  12569.273    12578.303    12875.693
120  TPM2u+F+G4    6170.829     63  12467.659    12476.689    12774.078
121  TPM2u+F+I+G4  6148.104     64  12424.208    12433.536    12735.492
122  TPM2u+F+R2    6185.780     64  12499.560    12508.887    12810.844
123  TPM2u+F+R3    6163.556     66  12459.113    12469.050    12780.124
124  TPM2u+F+R4    6162.982     68  12461.964    12472.532    12792.703
131  TPM3+F        6665.123     62  13454.245    13462.983    13755.801
132  TPM3+F+I      6220.228     63  12566.456    12575.486    12872.875
133  TPM3+F+G4     6163.307     63  12452.613    12461.644    12759.033
134  TPM3+F+I+G4   6139.525     64  12407.050    12416.377    12718.333
135  TPM3+F+R2     6178.985     64  12485.970    12495.298    12797.254
136  TPM3+F+R3     6155.888     66  12443.777    12453.714    12764.788
137  TPM3+F+R4     6155.596     68  12447.193    12457.760    12777.931
144  TPM3u+F       6665.117     62  13454.235    13462.973    13755.790
145  TPM3u+F+I     6220.223     63  12566.446    12575.476    12872.866
146  TPM3u+F+G4    6163.301     63  12452.603    12461.633    12759.022
147  TPM3u+F+I+G4  6139.511     64  12407.021    12416.348    12718.304
148  TPM3u+F+R2    6176.655     64  12481.310    12490.637    12792.593
149  TPM3u+F+R3    6154.776     66  12441.551    12451.489    12762.562
150  TPM3u+F+R4    6154.773     68  12445.546    12456.114    12776.285
157  TIMe          6858.580     60  13837.160    13845.330    14128.988
158  TIMe+I        6549.907     61  13221.815    13230.266    13518.507
159  TIMe+G4       6529.445     61  13180.889    13189.341    13477.581
160  TIMe+I+G4     6521.233     62  13166.466    13175.204    13468.021
161  TIMe+R2       6531.464     62  13186.928    13195.666    13488.483
162  TIMe+R3       6523.106     64  13174.212    13183.539    13485.496
163  TIMe+R4       6522.713     66  13177.425    13187.362    13498.436
170  TIM+F         6628.573     63  13383.146    13392.176    13689.566
171  TIM+F+I       6216.201     64  12560.401    12569.729    12871.685
172  TIM+F+G4      6168.951     64  12465.902    12475.230    12777.186
173  TIM+F+I+G4    6147.472     65  12424.944    12434.574    12741.092
174  TIM+F+R2      6180.004     65  12490.009    12499.638    12806.156
175  TIM+F+R3      6159.820     67  12453.640    12463.889    12779.514
176  TIM+F+R4      6159.377     69  12456.754    12467.644    12792.356
183  TIM2e         6860.811     60  13841.623    13849.792    14133.451
184  TIM2e+I       6551.125     61  13224.250    13232.701    13520.942
185  TIM2e+G4      6530.469     61  13182.938    13191.389    13479.630
186  TIM2e+I+G4    6522.470     62  13168.941    13177.679    13470.496
187  TIM2e+R2      6532.531     62  13189.063    13197.801    13490.618
188  TIM2e+R3      6524.250     64  13176.500    13185.827    13487.783
189  TIM2e+R4      6523.915     66  13179.830    13189.767    13500.841
196  TIM2+F        6630.615     63  13387.230    13396.260    13693.650
197  TIM2+F+I      6215.941     64  12559.881    12569.208    12871.164
198  TIM2+F+G4     6167.773     64  12463.546    12472.873    12774.829
199  TIM2+F+I+G4   6146.208     65  12422.416    12432.046    12738.563
200  TIM2+F+R2     6179.428     65  12488.856    12498.486    12805.003
201  TIM2+F+R3     6159.393     67  12452.786    12463.036    12778.661
202  TIM2+F+R4     6158.876     69  12455.752    12466.643    12791.354
209  TIM3e         6839.124     60  13798.248    13806.417    14090.076
210  TIM3e+I       6537.983     61  13197.966    13206.418    13494.658
211  TIM3e+G4      6516.584     61  13155.167    13163.619    13451.859
212  TIM3e+I+G4    6509.771     62  13143.542    13152.280    13445.098
213  TIM3e+R2      6518.849     62  13161.698    13170.436    13463.254
214  TIM3e+R3      6511.323     64  13150.646    13159.973    13461.929
215  TIM3e+R4      6511.040     66  13154.080    13164.017    13475.091
222  TIM3+F        6630.670     63  13387.339    13396.370    13693.759
223  TIM3+F+I      6214.473     64  12556.946    12566.273    12868.229
224  TIM3+F+G4     6161.623     64  12451.246    12460.573    12762.529
225  TIM3+F+I+G4   6138.459     65  12406.918    12416.548    12723.065
226  TIM3+F+R2     6178.461     65  12486.922    12496.552    12803.070
227  TIM3+F+R3     6155.588     67  12445.175    12455.425    12771.050
228  TIM3+F+R4     6154.728     69  12447.457    12458.348    12783.059
235  TVMe          6888.837     61  13899.674    13908.125    14196.366
236  TVMe+I        6580.105     62  13284.210    13292.948    13585.766
237  TVMe+G4       6538.472     62  13200.944    13209.682    13502.500
238  TVMe+I+G4     6535.872     63  13197.744    13206.774    13504.164
239  TVMe+R2       6545.910     63  13217.820    13226.850    13524.239
240  TVMe+R3       6536.129     65  13202.257    13211.887    13518.405
241  TVMe+R4       6535.968     67  13205.937    13216.187    13531.812
248  TVM+F         6661.912     64  13451.825    13461.152    13763.108
249  TVM+F+I       6219.701     65  12569.402    12579.031    12885.549
250  TVM+F+G4      6160.932     65  12451.864    12461.494    12768.011
251  TVM+F+I+G4    6137.355     66  12406.709    12416.646    12727.720
252  TVM+F+R2      6185.830     66  12503.660    12513.597    12824.671
253  TVM+F+R3      6157.411     68  12450.822    12461.389    12781.560
254  TVM+F+R4      6156.426     70  12452.853    12464.071    12793.319
261  SYM           6835.754     62  13795.507    13804.245    14097.063
262  SYM+I         6536.072     63  13198.144    13207.174    13504.564
263  SYM+G4        6514.231     63  13154.461    13163.492    13460.881
264  SYM+I+G4      6507.480     64  13142.961    13152.288    13454.244
265  SYM+R2        6516.964     64  13161.928    13171.255    13473.211
266  SYM+R3        6509.422     66  13150.843    13160.780    13471.854
267  SYM+R4        6508.937     68  13153.875    13164.442    13484.613
274  GTR+F         6627.579     65  13385.159    13394.789    13701.306
275  GTR+F+I       6213.853     66  12559.706    12569.643    12880.717
276  GTR+F+G4      6159.196     66  12450.391    12460.328    12771.402
277  GTR+F+I+G4    6136.310     67  12406.619    12416.869    12732.494
278  GTR+F+R2      6177.577     67  12489.153    12499.403    12815.028
279  GTR+F+R3      6155.065     69  12448.130    12459.020    12783.732
280  GTR+F+R4      6153.459     71  12448.918    12460.471    12794.248
Akaike Information Criterion:           GTR+F+I+G4
Corrected Akaike Information Criterion: TPM3u+F+I+G4
Bayesian Information Criterion:         TPM3u+F+I+G4
Best-fit model: TPM3u+F+I+G4 chosen according to BIC

All model information printed to nad4_cat.fasta.mafftaligned.fasta.model.gz
CPU time for ModelFinder: 17.237 seconds (0h:0m:17s)
Wall-clock time for ModelFinder: 17.514 seconds (0h:0m:17s)
Generating 1000 samples for ultrafast bootstrap (seed: 78948)...

NOTE: 3 MB RAM (0 GB) is required!
Estimate model parameters (epsilon = 0.100)
Thoroughly optimizing +I+G parameters from 10 start values...
Init pinv, alpha: 0.000, 1.000 / Estimate: 0.000, 0.277 / LogL: -6163.288
Init pinv, alpha: 0.055, 1.000 / Estimate: 0.398, 0.971 / LogL: -6139.475
Init pinv, alpha: 0.110, 1.000 / Estimate: 0.399, 0.975 / LogL: -6139.469
Init pinv, alpha: 0.165, 1.000 / Estimate: 0.398, 0.969 / LogL: -6139.478
Init pinv, alpha: 0.220, 1.000 / Estimate: 0.397, 0.963 / LogL: -6139.492
Init pinv, alpha: 0.275, 1.000 / Estimate: 0.399, 0.972 / LogL: -6139.472
Init pinv, alpha: 0.330, 1.000 / Estimate: 0.398, 0.972 / LogL: -6139.477
Init pinv, alpha: 0.384, 1.000 / Estimate: 0.399, 0.982 / LogL: -6139.476
Init pinv, alpha: 0.439, 1.000 / Estimate: 0.406, 1.009 / LogL: -6139.478
Init pinv, alpha: 0.494, 1.000 / Estimate: 0.406, 1.006 / LogL: -6139.484
Optimal pinv,alpha: 0.399, 0.975 / LogL: -6139.469

Parameters optimization took 2.259 sec
Computing ML distances based on estimated model parameters... 0.007 sec
Computing BIONJ tree...
0.001 seconds
Log-likelihood of BIONJ tree: -6144.679
--------------------------------------------------------------------
|             INITIALIZING CANDIDATE TREE SET                      |
--------------------------------------------------------------------
Generating 98 parsimony trees... 0.218 second
Computing log-likelihood of 98 initial trees ... 0.655 seconds
Current best score: -6139.469

Do NNI search on 20 best initial trees
Estimate model parameters (epsilon = 0.100)
BETTER TREE FOUND at iteration 1: -6136.430
Estimate model parameters (epsilon = 0.100)
UPDATE BEST LOG-LIKELIHOOD: -6136.406
BETTER TREE FOUND at iteration 6: -6136.406
Iteration 10 / LogL: -6136.416 / Time: 0h:0m:3s
Iteration 20 / LogL: -6136.407 / Time: 0h:0m:4s
Finish initializing candidate tree set (4)
Current best tree score: -6136.406 / CPU time: 2.364
Number of iterations: 20
--------------------------------------------------------------------
|               OPTIMIZING CANDIDATE TREE SET                      |
--------------------------------------------------------------------
Iteration 30 / LogL: -6143.151 / Time: 0h:0m:5s (0h:0m:14s left)
Iteration 40 / LogL: -6137.604 / Time: 0h:0m:6s (0h:0m:10s left)
Iteration 50 / LogL: -6144.520 / Time: 0h:0m:6s (0h:0m:7s left)
Log-likelihood cutoff on original alignment: -6167.710
Iteration 60 / LogL: -6137.078 / Time: 0h:0m:7s (0h:0m:6s left)
Iteration 70 / LogL: -6137.702 / Time: 0h:0m:8s (0h:0m:4s left)
Iteration 80 / LogL: -6136.428 / Time: 0h:0m:9s (0h:0m:3s left)
Iteration 90 / LogL: -6136.529 / Time: 0h:0m:10s (0h:0m:1s left)
Iteration 100 / LogL: -6137.524 / Time: 0h:0m:11s (0h:0m:0s left)
Log-likelihood cutoff on original alignment: -6167.710
NOTE: Bootstrap correlation coefficient of split occurrence frequencies: 0.995
TREE SEARCH COMPLETED AFTER 107 ITERATIONS / Time: 0h:0m:11s

--------------------------------------------------------------------
|                    FINALIZING TREE SEARCH                        |
--------------------------------------------------------------------
Performs final model parameters optimization
Estimate model parameters (epsilon = 0.010)
1. Initial log-likelihood: -6136.406
Optimal log-likelihood: -6136.405
Rate parameters:  A-C: 3.74998  A-G: 23.89174  A-T: 1.00000  C-G: 3.74998  C-T: 23.89174  G-T: 1.00000
Base frequencies:  A: 0.183  C: 0.112  G: 0.182  T: 0.522
Proportion of invariable sites: 0.402
Gamma shape alpha: 0.976
Parameters optimization took 1 rounds (0.012 sec)
BEST SCORE FOUND : -6136.405
Creating bootstrap support values...
Split supports printed to NEXUS file nad4_cat.fasta.mafftaligned.fasta.splits.nex
Total tree length: 6.445

Total number of iterations: 107
CPU time used for tree search: 9.187 sec (0h:0m:9s)
Wall-clock time used for tree search: 9.427 sec (0h:0m:9s)
Total CPU time used: 11.546 sec (0h:0m:11s)
Total wall-clock time used: 11.808 sec (0h:0m:11s)

Computing bootstrap consensus tree...
Reading input file nad4_cat.fasta.mafftaligned.fasta.splits.nex...
30 taxa and 248 splits.
Consensus tree written to nad4_cat.fasta.mafftaligned.fasta.contree
Reading input trees file nad4_cat.fasta.mafftaligned.fasta.contree
Log-likelihood of consensus tree: -6136.405

Analysis results written to: 
  IQ-TREE report:                nad4_cat.fasta.mafftaligned.fasta.iqtree
  Maximum-likelihood tree:       nad4_cat.fasta.mafftaligned.fasta.treefile
  Likelihood distances:          nad4_cat.fasta.mafftaligned.fasta.mldist

Ultrafast bootstrap approximation results written to:
  Split support values:          nad4_cat.fasta.mafftaligned.fasta.splits.nex
  Consensus tree:                nad4_cat.fasta.mafftaligned.fasta.contree
  Screen log file:               nad4_cat.fasta.mafftaligned.fasta.log

Date and Time: Mon Nov 15 14:45:15 2021
