IQ-TREE multicore version 1.6.12 for Linux 64-bit built Mar 23 2020
Developed by Bui Quang Minh, Nguyen Lam Tung, Olga Chernomor,
Heiko Schmidt, Dominik Schrempf, Michael Woodhams.

Host:    a-state-phylogenetics (AVX2, FMA3, 15 GB RAM)
Command: iqtree -s nad5_cat.fasta.mafftaligned.fasta -m MFP -bb 1000
Seed:    485783 (Using SPRNG - Scalable Parallel Random Number Generator)
Time:    Mon Nov 15 14:45:15 2021
Kernel:  AVX+FMA - 1 threads (6 CPU cores detected)

HINT: Use -nt option to specify number of threads because your CPU has 6 cores!
HINT: -nt AUTO will automatically determine the best number of threads to use.

Reading alignment file nad5_cat.fasta.mafftaligned.fasta ... Fasta format detected
Alignment most likely contains DNA/RNA sequences
Alignment has 33 sequences with 1173 columns, 463 distinct patterns
420 parsimony-informative, 142 singleton sites, 611 constant sites
                                    Gap/Ambiguity  Composition  p-value
   1  BBWA_971_A_CCTATACC-GCTCTGTA          0.00%    passed     78.70%
   2  CONW_930_R_ATCGTCTC-GTCCTTCT          0.00%    passed     90.77%
   3  OVEN_614_P_CTTCCTTC-ACCTGGAA          0.00%    passed     14.80%
   4  CMWA_952_R_CTAAGACC-CTGTTAGG          0.00%    passed     78.01%
   5  NOPA_676_R_AACCGAAC-CGAGTATG          0.00%    passed     41.99%
   6  PRAW_770_P_AAGTCCTC-TGGTAGCT          0.00%    passed     52.08%
   7  PIWA_948_R_ATAACGCC-TTGGTGAG          0.00%    passed     90.77%
   8  CAWA_366_A_CCGGAATA-CCTACTGA_dd       0.00%    passed     61.57%
   9  YEWA_941_P_Pr_CTATCCAC-TGTGCGTT       0.00%    passed     16.57%
  10  NOWA_315_A_CGTCCATT-AGGAGGAA          0.00%    passed     55.98%
  11  BLBW_861_R_AACGCCTT-TTCTCTCG          0.00%    passed     65.03%
  12  YEWA_941_P_Tr_ACGCTTCT-GACTTAGG       0.00%    passed     27.87%
  13  COYE_868_R_CCAACACT-AGTTCGTC          0.00%    passed     95.66%
  14  AMRE_967_R_ACGGACTT-TCTCCGAT          0.00%    passed     73.84%
  15  CSWA_939_R_TCCATTGC-TCCTACCT          0.00%    passed     78.01%
  16  BTNW_492_R_AAGGACCA-GTGTTCCT          0.00%    passed     73.84%
  17  MOWA_611_R_HC7TNCCX2_subsampled_dd    0.00%    passed     95.17%
  18  YTWA_970_R_GAACCTTC-GTACCTTG          0.00%    passed     52.56%
  19  BPWA_337_C_CAAGCCAA-CTTCGTTC_dd      59.85%    failed      1.30%
  20  LOWA_438_A_AACTTGCC-GAAGTTGG          0.00%    passed     57.01%
  21  SWWA_980_R_TACATCGG-TGATCGGA          0.00%    passed     62.85%
  22  PROW_974_R_CGCTACAT-CGTAGGTT          0.00%    passed     87.26%
  23  CERW_358_A_TCTTCGAC-GAGCAGTA          0.00%    passed     73.84%
  24  BTNW_765_P_CCAAGTAG-TCACGTTC          0.00%    passed     27.76%
  25  BWWA_412_R_GTACACCT-TTGGTCTC          0.00%    passed     72.10%
  26  BTBW_850_R_AGGTTCCT-AGGTTCGA          0.00%    passed     78.01%
  27  WEWA_727_R_ACCATCCT-GTTCATGG          0.00%    passed     62.38%
  28  MAWA_362_A_CCTTAGGT-TTGAGGCA          0.00%    passed     76.05%
  29  BAWW_968_P_CGACCTAA-CAGGTTAG          0.00%    passed     74.00%
  30  GWWA_928_R_ACGAGAAC-CGAACTGT          0.00%    passed     69.32%
  31  NAWA_328_A_CCACAACA-CTTGGATG          0.00%    passed     21.89%
  32  KEWA_584_R_TCTAGGAG-CGTTGCAA          0.00%    passed     14.80%
  33  Proctophyllodes_miliariae             0.00%    failed      3.51%
WARNING: 1 sequences contain more than 50% gaps/ambiguity
****  TOTAL                                 1.81%  2 sequences failed composition chi2 test (p-value<5%; df=3)
NOTE: KEWA_584_R_TCTAGGAG-CGTTGCAA is identical to OVEN_614_P_CTTCCTTC-ACCTGGAA but kept for subsequent analysis
NOTE: CERW_358_A_TCTTCGAC-GAGCAGTA is identical to AMRE_967_R_ACGGACTT-TCTCCGAT but kept for subsequent analysis


Create initial parsimony tree by phylogenetic likelihood library (PLL)... 0.004 seconds
NOTE: ModelFinder requires 6 MB RAM!
ModelFinder will test 286 DNA models (sample size: 1173) ...
 No. Model         -LnL         df  AIC          AICc         BIC
  1  JC            8292.365     63  16710.729    16718.001    17029.970
  2  JC+I          7920.547     64  15969.094    15976.603    16293.402
  3  JC+G4         7888.266     64  15904.533    15912.042    16228.841
  4  JC+I+G4       7884.639     65  15899.277    15907.028    16228.653
  5  JC+R2         7906.136     65  15942.273    15950.023    16271.648
  6  JC+R3         7892.494     67  15918.989    15927.235    16258.499
  7  JC+R4         7885.249     69  15908.497    15917.255    16258.142
  8  JC+R5         7884.940     71  15911.881    15921.167    16271.661
 14  F81+F         8153.310     66  16438.621    16446.617    16773.064
 15  F81+F+I       7744.594     67  15623.188    15631.434    15962.698
 16  F81+F+G4      7706.512     67  15547.023    15555.270    15886.534
 17  F81+F+I+G4    7700.510     68  15537.019    15545.519    15881.597
 18  F81+F+R2      7728.793     68  15593.586    15602.086    15938.164
 19  F81+F+R3      7704.366     70  15548.733    15557.753    15903.445
 20  F81+F+R4      7701.460     72  15546.920    15556.476    15911.767
 27  K2P           7993.990     64  16115.981    16123.490    16440.289
 28  K2P+I         7581.051     65  15292.103    15299.853    15621.478
 29  K2P+G4        7522.117     65  15174.233    15181.984    15503.609
 30  K2P+I+G4      7519.017     66  15170.035    15178.031    15504.478
 31  K2P+R2        7541.967     66  15215.935    15223.931    15550.378
 32  K2P+R3        7523.705     68  15183.409    15191.909    15527.987
 33  K2P+R4        7522.441     70  15184.882    15193.902    15539.594
 40  HKY+F         7709.549     67  15553.097    15561.343    15892.608
 41  HKY+F+I       7179.235     68  14494.470    14502.970    14839.047
 42  HKY+F+G4      7094.352     68  14324.704    14333.204    14669.282
 43  HKY+F+I+G4    7082.877     69  14303.754    14312.512    14653.399
 44  HKY+F+R2      7140.412     69  14418.825    14427.582    14768.470
 45  HKY+F+R3      7104.130     71  14350.261    14359.547    14710.041
 46  HKY+F+R4      7100.372     73  14346.744    14356.575    14716.659
 53  TNe           7955.551     65  16041.101    16048.852    16370.477
 54  TNe+I         7547.774     66  15227.548    15235.544    15561.991
 55  TNe+G4        7504.003     66  15140.005    15148.002    15474.448
 56  TNe+I+G4      7498.665     67  15131.330    15139.576    15470.840
 57  TNe+R2        7514.685     67  15163.370    15171.616    15502.880
 58  TNe+R3        7501.350     69  15140.700    15149.458    15490.345
 59  TNe+R4        7500.798     71  15143.595    15152.881    15503.375
 66  TN+F          7686.701     68  15509.402    15517.902    15853.979
 67  TN+F+I        7171.783     69  14481.567    14490.325    14831.212
 68  TN+F+G4       7092.104     69  14322.209    14330.967    14671.854
 69  TN+F+I+G4     7080.217     70  14300.434    14309.454    14655.146
 70  TN+F+R2       7121.588     70  14383.177    14392.197    14737.889
 71  TN+F+R3       7094.132     72  14332.264    14341.820    14697.111
 72  TN+F+R4       7092.529     74  14333.059    14343.168    14708.040
 79  K3P           7982.646     65  16095.293    16103.044    16424.669
 80  K3P+I         7573.122     66  15278.244    15286.240    15612.687
 81  K3P+G4        7512.341     66  15156.682    15164.679    15491.126
 82  K3P+I+G4      7510.194     67  15154.387    15162.633    15493.898
 83  K3P+R2        7527.141     67  15188.282    15196.528    15527.793
 84  K3P+R3        7511.613     69  15161.225    15169.983    15510.870
 85  K3P+R4        7511.237     71  15164.474    15173.760    15524.253
 92  K3Pu+F        7704.372     68  15544.744    15553.244    15889.322
 93  K3Pu+F+I      7179.150     69  14496.299    14505.057    14845.945
 94  K3Pu+F+G4     7093.464     69  14324.928    14333.686    14674.573
 95  K3Pu+F+I+G4   7082.559     70  14305.119    14314.139    14659.831
 96  K3Pu+F+R2     7122.511     70  14385.023    14394.042    14739.735
 97  K3Pu+F+R3     7096.635     72  14337.269    14346.826    14702.116
 98  K3Pu+F+R4     7095.397     74  14338.794    14348.903    14713.775
105  TPM2+F        7708.343     68  15552.687    15561.187    15897.264
106  TPM2+F+I      7179.179     69  14496.358    14505.116    14846.003
107  TPM2+F+G4     7093.703     69  14325.407    14334.164    14675.052
108  TPM2+F+I+G4   7082.067     70  14304.134    14313.154    14658.846
109  TPM2+F+R2     7119.957     70  14379.914    14388.934    14734.626
110  TPM2+F+R3     7096.772     72  14337.543    14347.100    14702.390
111  TPM2+F+R4     7095.570     74  14339.140    14349.249    14714.121
118  TPM2u+F       7708.348     68  15552.695    15561.195    15897.273
119  TPM2u+F+I     7179.184     69  14496.368    14505.126    14846.013
120  TPM2u+F+G4    7093.706     69  14325.411    14334.169    14675.057
121  TPM2u+F+I+G4  7082.048     70  14304.095    14313.115    14658.808
122  TPM2u+F+R2    7116.784     70  14373.568    14382.587    14728.280
123  TPM2u+F+R3    7096.675     72  14337.351    14346.907    14702.198
124  TPM2u+F+R4    7095.524     74  14339.049    14349.158    14714.031
131  TPM3+F        7704.670     68  15545.340    15553.840    15889.918
132  TPM3+F+I      7178.073     69  14494.145    14502.903    14843.790
133  TPM3+F+G4     7093.722     69  14325.444    14334.202    14675.089
134  TPM3+F+I+G4   7082.097     70  14304.195    14313.215    14658.907
135  TPM3+F+R2     7115.113     70  14370.226    14379.246    14724.938
136  TPM3+F+R3     7097.140     72  14338.280    14347.836    14703.127
137  TPM3+F+R4     7095.932     74  14339.863    14349.972    14714.845
144  TPM3u+F       7704.674     68  15545.347    15553.847    15889.925
145  TPM3u+F+I     7178.077     69  14494.153    14502.911    14843.798
146  TPM3u+F+G4    7093.726     69  14325.451    14334.209    14675.096
147  TPM3u+F+I+G4  7082.103     70  14304.206    14313.226    14658.918
148  TPM3u+F+R2    7113.566     70  14367.133    14376.153    14721.845
149  TPM3u+F+R3    7097.107     72  14338.214    14347.770    14703.061
150  TPM3u+F+R4    7095.898     74  14339.797    14349.906    14714.778
157  TIMe          7944.054     66  16020.108    16028.104    16354.551
158  TIMe+I        7539.594     67  15213.187    15221.433    15552.698
159  TIMe+G4       7493.753     67  15121.505    15129.752    15461.016
160  TIMe+I+G4     7489.046     68  15114.092    15122.592    15458.670
161  TIMe+R2       7503.771     68  15143.541    15152.041    15488.119
162  TIMe+R3       7490.389     70  15120.778    15129.798    15475.490
163  TIMe+R4       7490.160     72  15124.320    15133.876    15489.167
170  TIM+F         7681.373     69  15500.745    15509.503    15850.390
171  TIM+F+I       7171.689     70  14483.377    14492.397    14838.089
172  TIM+F+G4      7091.021     70  14322.043    14331.063    14676.755
173  TIM+F+I+G4    7079.851     71  14301.703    14310.989    14661.482
174  TIM+F+R2      7112.477     71  14366.953    14376.240    14726.733
175  TIM+F+R3      7090.477     73  14326.955    14336.785    14696.869
176  TIM+F+R4      7089.742     75  14329.484    14339.876    14709.533
183  TIM2e         7952.431     66  16036.861    16044.858    16371.305
184  TIM2e+I       7547.160     67  15228.319    15236.565    15567.830
185  TIM2e+G4      7503.415     67  15140.830    15149.076    15480.340
186  TIM2e+I+G4    7497.986     68  15131.973    15140.473    15476.550
187  TIM2e+R2      7513.080     68  15162.159    15170.659    15506.737
188  TIM2e+R3      7499.578     70  15139.157    15148.177    15493.869
189  TIM2e+R4      7499.375     72  15142.749    15152.305    15507.596
196  TIM2+F        7685.509     69  15509.018    15517.776    15858.663
197  TIM2+F+I      7171.674     70  14483.348    14492.368    14838.060
198  TIM2+F+G4     7091.531     70  14323.061    14332.081    14677.774
199  TIM2+F+I+G4   7079.474     71  14300.948    14310.235    14660.728
200  TIM2+F+R2     7112.783     71  14367.567    14376.853    14727.346
201  TIM2+F+R3     7089.870     73  14325.741    14335.571    14695.655
202  TIM2+F+R4     7089.231     75  14328.462    14338.854    14708.511
209  TIM3e         7912.180     66  15956.360    15964.356    16290.803
210  TIM3e+I       7516.470     67  15166.940    15175.186    15506.450
211  TIM3e+G4      7471.651     67  15077.303    15085.549    15416.813
212  TIM3e+I+G4    7467.515     68  15071.031    15079.531    15415.609
213  TIM3e+R2      7482.364     68  15100.727    15109.227    15445.305
214  TIM3e+R3      7468.151     70  15076.303    15085.323    15431.015
215  TIM3e+R4      7467.943     72  15079.885    15089.441    15444.732
222  TIM3+F        7681.612     69  15501.224    15509.982    15850.869
223  TIM3+F+I      7170.650     70  14481.300    14490.320    14836.012
224  TIM3+F+G4     7091.729     70  14323.458    14332.478    14678.170
225  TIM3+F+I+G4   7079.780     71  14301.560    14310.846    14661.339
226  TIM3+F+R2     7116.039     71  14374.077    14383.363    14733.857
227  TIM3+F+R3     7090.408     73  14326.817    14336.647    14696.731
228  TIM3+F+R4     7089.682     75  14329.364    14339.756    14709.413
235  TVMe          7939.247     67  16012.495    16020.741    16352.005
236  TVMe+I        7544.162     68  15224.325    15232.825    15568.903
237  TVMe+G4       7478.483     68  15092.966    15101.466    15437.543
238  TVMe+I+G4     7476.995     69  15091.991    15100.749    15441.636
239  TVMe+R2       7494.032     69  15126.064    15134.822    15475.710
240  TVMe+R3       7477.091     71  15096.183    15105.469    15455.963
241  TVMe+R4       7476.880     73  15099.760    15109.591    15469.674
248  TVM+F         7698.125     70  15536.250    15545.270    15890.963
249  TVM+F+I       7177.235     71  14496.471    14505.757    14856.250
250  TVM+F+G4      7087.619     71  14317.237    14326.523    14677.017
251  TVM+F+I+G4    7076.993     72  14297.986    14307.542    14662.833
252  TVM+F+R2      7118.206     72  14380.411    14389.968    14745.258
253  TVM+F+R3      7088.473     74  14324.946    14335.055    14699.928
254  TVM+F+R4      7087.907     76  14327.815    14338.493    14712.931
261  SYM           7899.773     68  15935.546    15944.046    16280.124
262  SYM+I         7507.089     69  15152.178    15160.936    15501.823
263  SYM+G4        7462.054     69  15062.109    15070.867    15411.754
264  SYM+I+G4      7458.121     70  15056.242    15065.262    15410.955
265  SYM+R2        7471.531     70  15083.062    15092.082    15437.774
266  SYM+R3        7458.896     72  15061.792    15071.348    15426.639
267  SYM+R4        7458.710     74  15065.421    15075.530    15440.402
274  GTR+F         7674.839     71  15491.679    15500.965    15851.458
275  GTR+F+I       7169.666     72  14483.332    14492.889    14848.179
276  GTR+F+G4      7085.903     72  14315.807    14325.363    14680.654
277  GTR+F+I+G4    7075.000     73  14295.999    14305.830    14665.914
278  GTR+F+R2      7109.254     73  14364.508    14374.339    14734.423
279  GTR+F+R3      7085.170     75  14320.339    14330.731    14700.388
280  GTR+F+R4      7084.475     77  14322.950    14333.920    14713.134
Akaike Information Criterion:           GTR+F+I+G4
Corrected Akaike Information Criterion: GTR+F+I+G4
Bayesian Information Criterion:         HKY+F+I+G4
Best-fit model: HKY+F+I+G4 chosen according to BIC

All model information printed to nad5_cat.fasta.mafftaligned.fasta.model.gz
CPU time for ModelFinder: 25.071 seconds (0h:0m:25s)
Wall-clock time for ModelFinder: 25.269 seconds (0h:0m:25s)
Generating 1000 samples for ultrafast bootstrap (seed: 485783)...

NOTE: 3 MB RAM (0 GB) is required!
Estimate model parameters (epsilon = 0.100)
Thoroughly optimizing +I+G parameters from 10 start values...
Init pinv, alpha: 0.000, 1.000 / Estimate: 0.000, 0.231 / LogL: -7094.367
Init pinv, alpha: 0.058, 1.000 / Estimate: 0.058, 0.261 / LogL: -7094.053
Init pinv, alpha: 0.116, 1.000 / Estimate: 0.122, 0.298 / LogL: -7093.438
Init pinv, alpha: 0.174, 1.000 / Estimate: 0.422, 0.847 / LogL: -7082.829
Init pinv, alpha: 0.232, 1.000 / Estimate: 0.421, 0.842 / LogL: -7082.848
Init pinv, alpha: 0.289, 1.000 / Estimate: 0.422, 0.846 / LogL: -7082.835
Init pinv, alpha: 0.347, 1.000 / Estimate: 0.421, 0.842 / LogL: -7082.852
Init pinv, alpha: 0.405, 1.000 / Estimate: 0.420, 0.844 / LogL: -7082.866
Init pinv, alpha: 0.463, 1.000 / Estimate: 0.437, 0.922 / LogL: -7082.812
Init pinv, alpha: 0.521, 1.000 / Estimate: 0.435, 0.909 / LogL: -7082.802
Optimal pinv,alpha: 0.435, 0.909 / LogL: -7082.802

Parameters optimization took 2.279 sec
Computing ML distances based on estimated model parameters... 0.009 sec
Computing BIONJ tree...
0.001 seconds
Log-likelihood of BIONJ tree: -7086.194
--------------------------------------------------------------------
|             INITIALIZING CANDIDATE TREE SET                      |
--------------------------------------------------------------------
Generating 98 parsimony trees... 0.339 second
Computing log-likelihood of 98 initial trees ... 0.851 seconds
Current best score: -7082.802

Do NNI search on 20 best initial trees
Estimate model parameters (epsilon = 0.100)
BETTER TREE FOUND at iteration 1: -7081.809
Estimate model parameters (epsilon = 0.100)
BETTER TREE FOUND at iteration 2: -7080.450
Iteration 10 / LogL: -7081.818 / Time: 0h:0m:4s
Iteration 20 / LogL: -7081.811 / Time: 0h:0m:5s
Finish initializing candidate tree set (18)
Current best tree score: -7080.450 / CPU time: 2.868
Number of iterations: 20
--------------------------------------------------------------------
|               OPTIMIZING CANDIDATE TREE SET                      |
--------------------------------------------------------------------
BETTER TREE FOUND at iteration 23: -7080.449
Estimate model parameters (epsilon = 0.100)
BETTER TREE FOUND at iteration 28: -7080.001
Iteration 30 / LogL: -7080.965 / Time: 0h:0m:6s (0h:0m:22s left)
BETTER TREE FOUND at iteration 31: -7080.000
BETTER TREE FOUND at iteration 36: -7079.995
Iteration 40 / LogL: -7082.405 / Time: 0h:0m:7s (0h:0m:19s left)
BETTER TREE FOUND at iteration 41: -7079.995
Iteration 50 / LogL: -7081.443 / Time: 0h:0m:9s (0h:0m:17s left)
Log-likelihood cutoff on original alignment: -7109.665
BETTER TREE FOUND at iteration 52: -7079.994
Iteration 60 / LogL: -7080.976 / Time: 0h:0m:10s (0h:0m:16s left)
Iteration 70 / LogL: -7079.994 / Time: 0h:0m:11s (0h:0m:14s left)
BETTER TREE FOUND at iteration 71: -7079.994
Iteration 80 / LogL: -7080.001 / Time: 0h:0m:13s (0h:0m:15s left)
Iteration 90 / LogL: -7081.694 / Time: 0h:0m:14s (0h:0m:13s left)
BETTER TREE FOUND at iteration 96: -7079.994
Iteration 100 / LogL: -7079.996 / Time: 0h:0m:16s (0h:0m:15s left)
Log-likelihood cutoff on original alignment: -7109.665
NOTE: Bootstrap correlation coefficient of split occurrence frequencies: 0.995
Iteration 110 / LogL: -7079.998 / Time: 0h:0m:17s (0h:0m:14s left)
Iteration 120 / LogL: -7080.002 / Time: 0h:0m:19s (0h:0m:12s left)
Iteration 130 / LogL: -7080.002 / Time: 0h:0m:20s (0h:0m:11s left)
Iteration 140 / LogL: -7079.995 / Time: 0h:0m:22s (0h:0m:9s left)
Iteration 150 / LogL: -7080.002 / Time: 0h:0m:23s (0h:0m:7s left)
Log-likelihood cutoff on original alignment: -7109.683
Iteration 160 / LogL: -7080.000 / Time: 0h:0m:25s (0h:0m:6s left)
Iteration 170 / LogL: -7080.450 / Time: 0h:0m:26s (0h:0m:4s left)
Iteration 180 / LogL: -7079.996 / Time: 0h:0m:27s (0h:0m:3s left)
BETTER TREE FOUND at iteration 184: -7079.994
Iteration 190 / LogL: -7083.603 / Time: 0h:0m:29s (0h:0m:14s left)
Iteration 200 / LogL: -7079.994 / Time: 0h:0m:30s (0h:0m:12s left)
Log-likelihood cutoff on original alignment: -7109.850
NOTE: Bootstrap correlation coefficient of split occurrence frequencies: 0.987
NOTE: UFBoot does not converge, continue at least 100 more iterations
BETTER TREE FOUND at iteration 208: -7079.994
UPDATE BEST LOG-LIKELIHOOD: -7079.994
Iteration 210 / LogL: -7079.995 / Time: 0h:0m:32s (0h:0m:15s left)
Iteration 220 / LogL: -7080.207 / Time: 0h:0m:33s (0h:0m:13s left)
Iteration 230 / LogL: -7079.994 / Time: 0h:0m:34s (0h:0m:11s left)
Iteration 240 / LogL: -7080.000 / Time: 0h:0m:36s (0h:0m:10s left)
Iteration 250 / LogL: -7079.994 / Time: 0h:0m:37s (0h:0m:8s left)
Log-likelihood cutoff on original alignment: -7109.850
Iteration 260 / LogL: -7081.693 / Time: 0h:0m:39s (0h:0m:7s left)
Iteration 270 / LogL: -7081.106 / Time: 0h:0m:40s (0h:0m:5s left)
Iteration 280 / LogL: -7093.477 / Time: 0h:0m:41s (0h:0m:4s left)
BETTER TREE FOUND at iteration 286: -7079.994
Iteration 290 / LogL: -7080.980 / Time: 0h:0m:43s (0h:0m:14s left)
Iteration 300 / LogL: -7093.492 / Time: 0h:0m:44s (0h:0m:12s left)
Log-likelihood cutoff on original alignment: -7109.850
NOTE: Bootstrap correlation coefficient of split occurrence frequencies: 0.985
NOTE: UFBoot does not converge, continue at least 100 more iterations
UPDATE BEST LOG-LIKELIHOOD: -7079.993
Iteration 310 / LogL: -7080.452 / Time: 0h:0m:46s (0h:0m:13s left)
Iteration 320 / LogL: -7079.996 / Time: 0h:0m:47s (0h:0m:12s left)
Iteration 330 / LogL: -7082.541 / Time: 0h:0m:49s (0h:0m:10s left)
Iteration 340 / LogL: -7080.000 / Time: 0h:0m:50s (0h:0m:9s left)
Iteration 350 / LogL: -7099.321 / Time: 0h:0m:52s (0h:0m:7s left)
Log-likelihood cutoff on original alignment: -7109.850
Iteration 360 / LogL: -7080.449 / Time: 0h:0m:53s (0h:0m:5s left)
Iteration 370 / LogL: -7080.966 / Time: 0h:0m:54s (0h:0m:4s left)
Iteration 380 / LogL: -7080.001 / Time: 0h:0m:56s (0h:0m:2s left)
Iteration 390 / LogL: -7080.000 / Time: 0h:0m:57s (0h:0m:1s left)
BETTER TREE FOUND at iteration 391: -7079.993
Iteration 400 / LogL: -7079.993 / Time: 0h:0m:59s (0h:0m:13s left)
Log-likelihood cutoff on original alignment: -7109.850
NOTE: Bootstrap correlation coefficient of split occurrence frequencies: 0.994
Iteration 410 / LogL: -7080.449 / Time: 0h:1m:0s (0h:0m:13s left)
Iteration 420 / LogL: -7080.977 / Time: 0h:1m:2s (0h:0m:11s left)
Iteration 430 / LogL: -7081.103 / Time: 0h:1m:3s (0h:0m:10s left)
Iteration 440 / LogL: -7082.743 / Time: 0h:1m:5s (0h:0m:8s left)
Iteration 450 / LogL: -7080.571 / Time: 0h:1m:6s (0h:0m:7s left)
Log-likelihood cutoff on original alignment: -7109.850
Iteration 460 / LogL: -7081.103 / Time: 0h:1m:8s (0h:0m:5s left)
Iteration 470 / LogL: -7081.923 / Time: 0h:1m:9s (0h:0m:4s left)
BETTER TREE FOUND at iteration 480: -7079.993
Iteration 480 / LogL: -7079.993 / Time: 0h:1m:11s (0h:0m:14s left)
Iteration 490 / LogL: -7080.000 / Time: 0h:1m:12s (0h:0m:13s left)
Iteration 500 / LogL: -7079.999 / Time: 0h:1m:14s (0h:0m:11s left)
Log-likelihood cutoff on original alignment: -7109.850
NOTE: Bootstrap correlation coefficient of split occurrence frequencies: 0.995
Iteration 510 / LogL: -7080.448 / Time: 0h:1m:15s (0h:0m:13s left)
Iteration 520 / LogL: -7080.014 / Time: 0h:1m:17s (0h:0m:11s left)
Iteration 530 / LogL: -7080.457 / Time: 0h:1m:18s (0h:0m:10s left)
BETTER TREE FOUND at iteration 540: -7079.993
Iteration 540 / LogL: -7079.993 / Time: 0h:1m:20s (0h:0m:14s left)
Iteration 550 / LogL: -7088.759 / Time: 0h:1m:21s (0h:0m:13s left)
Log-likelihood cutoff on original alignment: -7109.850
Iteration 560 / LogL: -7084.075 / Time: 0h:1m:23s (0h:0m:11s left)
Iteration 570 / LogL: -7079.999 / Time: 0h:1m:24s (0h:0m:10s left)
Iteration 580 / LogL: -7080.003 / Time: 0h:1m:26s (0h:0m:8s left)
Iteration 590 / LogL: -7079.996 / Time: 0h:1m:27s (0h:0m:7s left)
Iteration 600 / LogL: -7081.722 / Time: 0h:1m:29s (0h:0m:5s left)
Log-likelihood cutoff on original alignment: -7109.850
NOTE: Bootstrap correlation coefficient of split occurrence frequencies: 0.996
Iteration 610 / LogL: -7080.147 / Time: 0h:1m:30s (0h:0m:13s left)
Iteration 620 / LogL: -7090.487 / Time: 0h:1m:32s (0h:0m:11s left)
Iteration 630 / LogL: -7079.994 / Time: 0h:1m:33s (0h:0m:10s left)
Iteration 640 / LogL: -7080.003 / Time: 0h:1m:35s (0h:0m:8s left)
TREE SEARCH COMPLETED AFTER 641 ITERATIONS / Time: 0h:1m:35s

--------------------------------------------------------------------
|                    FINALIZING TREE SEARCH                        |
--------------------------------------------------------------------
Performs final model parameters optimization
Estimate model parameters (epsilon = 0.010)
1. Initial log-likelihood: -7079.993
Optimal log-likelihood: -7079.991
Rate parameters:  A-C: 1.00000  A-G: 15.44905  A-T: 1.00000  C-G: 1.00000  C-T: 15.44905  G-T: 1.00000
Base frequencies:  A: 0.201  C: 0.119  G: 0.179  T: 0.501
Proportion of invariable sites: 0.431
Gamma shape alpha: 0.896
Parameters optimization took 1 rounds (0.013 sec)
BEST SCORE FOUND : -7079.991
Creating bootstrap support values...
Split supports printed to NEXUS file nad5_cat.fasta.mafftaligned.fasta.splits.nex
Total tree length: 5.506

Total number of iterations: 641
CPU time used for tree search: 91.241 sec (0h:1m:31s)
Wall-clock time used for tree search: 92.972 sec (0h:1m:32s)
Total CPU time used: 93.642 sec (0h:1m:33s)
Total wall-clock time used: 95.399 sec (0h:1m:35s)

Computing bootstrap consensus tree...
Reading input file nad5_cat.fasta.mafftaligned.fasta.splits.nex...
33 taxa and 509 splits.
Consensus tree written to nad5_cat.fasta.mafftaligned.fasta.contree
Reading input trees file nad5_cat.fasta.mafftaligned.fasta.contree
Log-likelihood of consensus tree: -7079.993

Analysis results written to: 
  IQ-TREE report:                nad5_cat.fasta.mafftaligned.fasta.iqtree
  Maximum-likelihood tree:       nad5_cat.fasta.mafftaligned.fasta.treefile
  Likelihood distances:          nad5_cat.fasta.mafftaligned.fasta.mldist

Ultrafast bootstrap approximation results written to:
  Split support values:          nad5_cat.fasta.mafftaligned.fasta.splits.nex
  Consensus tree:                nad5_cat.fasta.mafftaligned.fasta.contree
  Screen log file:               nad5_cat.fasta.mafftaligned.fasta.log

Date and Time: Mon Nov 15 14:47:16 2021
